<!-- 
RSS generated by JIRA (6.3.4#6332-sha1:51bc225ef474afe3128b2f66878477f322397b16) at Fri Dec 02 04:56:12 UTC 2016

It is possible to restrict the fields that are returned in this document by specifying the 'field' parameter in your request.
For example, to request only the issue key and summary add field=key&field=summary to the URL of your request.
For example:
https://issues.apache.org/jira/si/jira.issueviews:issue-xml/HIVE-12632/HIVE-12632.xml?field=key&amp;field=summary
-->
<rss version="0.92" >
<channel>
    <title>ASF JIRA</title>
    <link>https://issues.apache.org/jira</link>
    <description>This file is an XML representation of an issue</description>
    <language>en-uk</language>    <build-info>
        <version>6.3.4</version>
        <build-number>6332</build-number>
        <build-date>15-08-2014</build-date>
    </build-info>

<item>
            <title>[HIVE-12632] LLAP: don&apos;t use IO elevator for ACID tables </title>
                <link>https://issues.apache.org/jira/browse/HIVE-12632</link>
                <project id="12310843" key="HIVE">Hive</project>
                    <description>&lt;p&gt;Until &lt;a href=&quot;https://issues.apache.org/jira/browse/HIVE-12631&quot; title=&quot;LLAP: support ORC ACID tables&quot; class=&quot;issue-link&quot; data-issue-key=&quot;HIVE-12631&quot;&gt;HIVE-12631&lt;/a&gt; is fixed, we need to avoid ACID tables in IO elevator. Right now, a FileNotFound error is thrown.&lt;/p&gt;</description>
                <environment></environment>
        <key id="12920527">HIVE-12632</key>
            <summary>LLAP: don&apos;t use IO elevator for ACID tables </summary>
                <type id="1" iconUrl="https://issues.apache.org/jira/images/icons/issuetypes/bug.png">Bug</type>
                                            <priority id="1" iconUrl="https://issues.apache.org/jira/images/icons/priorities/blocker.png">Blocker</priority>
                        <status id="6" iconUrl="https://issues.apache.org/jira/images/icons/statuses/closed.png" description="The issue is considered finished, the resolution is correct. Issues which are closed can be reopened.">Closed</status>
                    <statusCategory id="3" key="done" colorName="green"/>
                                    <resolution id="1">Fixed</resolution>
                                        <assignee username="sershe">Sergey Shelukhin</assignee>
                                    <reporter username="taksaito">Takahiko Saito</reporter>
                        <labels>
                    </labels>
                <created>Wed, 9 Dec 2015 19:45:16 +0000</created>
                <updated>Thu, 2 Jun 2016 10:17:37 +0000</updated>
                            <resolved>Mon, 21 Dec 2015 21:07:13 +0000</resolved>
                                                    <fixVersion>2.0.0</fixVersion>
                                    <component>llap</component>
                        <due></due>
                            <votes>0</votes>
                                    <watches>4</watches>
                                                                <comments>
                            <comment id="15049878" author="sershe" created="Thu, 10 Dec 2015 02:22:23 +0000"  >&lt;p&gt;The patch. &lt;a href=&quot;https://issues.apache.org/jira/secure/ViewProfile.jspa?name=prasanth_j&quot; class=&quot;user-hover&quot; rel=&quot;prasanth_j&quot;&gt;Prasanth Jayachandran&lt;/a&gt; looks like LLAP IO was also broken since MiniLlapcluster integration, it was not initialized. I am fixing QTestUtils toremove all the defaults from ctors to avoid accidental settings, andadding back LLAP IO init. That works now; if some other tests breakbecause it was not running with them I will move that into separate bug(and assign to you &lt;img class=&quot;emoticon&quot; src=&quot;https://issues.apache.org/jira/images/icons/emoticons/tongue.gif&quot; height=&quot;16&quot; width=&quot;16&quot; align=&quot;absmiddle&quot; alt=&quot;&quot; border=&quot;0&quot;/&gt;)&lt;/p&gt;

&lt;p&gt;The main patch changes the explain output, and also checks splits foracidity to determine which input format to return, falling back to thewrapped one for ACID splits.However, this part is not really tested because ACID code doesn&apos;t runproperly for the attached test. I modeled this on other ACID tests, exceptfor using the alter statements to get some partitions with original filesand some with base files.I see no signs of ACID in the logs and LLAP just logs several originalfiles for repeated inserts.&lt;a href=&quot;https://issues.apache.org/jira/secure/ViewProfile.jspa?name=alangates&quot; class=&quot;user-hover&quot; rel=&quot;alangates&quot;&gt;Alan Gates&lt;/a&gt; &lt;a href=&quot;https://issues.apache.org/jira/secure/ViewProfile.jspa?name=ekoifman&quot; class=&quot;user-hover&quot; rel=&quot;ekoifman&quot;&gt;Eugene Koifman&lt;/a&gt; is this a correct usage of ACID? (explains, dropetc. omitted for brevity):&lt;/p&gt;
&lt;div class=&quot;preformatted panel&quot; style=&quot;border-width: 1px;&quot;&gt;&lt;div class=&quot;preformattedContent panelContent&quot;&gt;
&lt;pre&gt;set hive.mapred.mode=nonstrict; SEThive.vectorized.execution.enabled=true; SET hive.llap.io.enabled=false;SET hive.exec.orc.default.buffer.size=32768; SEThive.exec.orc.default.row.index.stride=1000; SEThive.optimize.index.filter=true; set hive.fetch.task.conversion=none;

set hive.support.concurrency=true;
set hive.exec.dynamic.partition.mode=nonstrict;
set hive.txn.manager=org.apache.hadoop.hive.ql.lockmgr.DbTxnManager;

CREATE TABLE orc_llap (...) partitioned by (csmallint smallint) clusteredby (cint) into 2 buckets stored as orc;

insert into table orc_llap partition (csmallint = 1) select ... fromalltypesorc ...;
insert into table orc_llap partition (csmallint = 2) select ... fromalltypesorc ...;

alter table orc_llap SET TBLPROPERTIES (&apos;transactional&apos;=&apos;true&apos;);

insert into table orc_llap partition (csmallint = 3) select ... fromalltypesorc ...;

SET hive.llap.io.enabled=true;
...
select cint, csmallint, cbigint from orc_llap where cint is not null;
...
insert into table orc_llap partition (csmallint = 1) values (1, 1, 1, 1);
...
select cint, csmallint, cbigint from orc_llap where cint is not null;&lt;/pre&gt;
&lt;/div&gt;&lt;/div&gt;</comment>
                            <comment id="15049886" author="ekoifman" created="Thu, 10 Dec 2015 02:31:08 +0000"  >&lt;p&gt;I assume this is a .q file?&lt;br/&gt;
This looks OK to me.&lt;br/&gt;
you may want to change your &quot;insert into table orc_llap partition (csmallint = 1) values (1, 1, 1, 1);&quot; to update (or just add an update stmt).  It should throw an error if it doesn&apos;t think it&apos;s configured for Acid/using Acid table.&lt;/p&gt;</comment>
                            <comment id="15051738" author="sershe" created="Thu, 10 Dec 2015 22:11:25 +0000"  >&lt;p&gt;Looks like LLAP tests are also broken as per the JIRA I just created. Don&apos;t know why I didn&apos;t hit this issue when I was originally running.&lt;/p&gt;</comment>
                            <comment id="15052332" author="hiveqa" created="Fri, 11 Dec 2015 07:24:10 +0000"  >

&lt;p&gt;Here are the results of testing the latest attachment:&lt;br/&gt;
&lt;a href=&quot;https://issues.apache.org/jira/secure/attachment/12776706/HIVE-12632.patch&quot; class=&quot;external-link&quot; rel=&quot;nofollow&quot;&gt;https://issues.apache.org/jira/secure/attachment/12776706/HIVE-12632.patch&lt;/a&gt;&lt;/p&gt;

&lt;p&gt;&lt;font color=&quot;red&quot;&gt;ERROR:&lt;/font&gt; -1 due to build exiting with an error&lt;/p&gt;

&lt;p&gt;Test results: &lt;a href=&quot;http://ec2-174-129-184-35.compute-1.amazonaws.com/jenkins/job/PreCommit-HIVE-TRUNK-Build/6315/testReport&quot; class=&quot;external-link&quot; rel=&quot;nofollow&quot;&gt;http://ec2-174-129-184-35.compute-1.amazonaws.com/jenkins/job/PreCommit-HIVE-TRUNK-Build/6315/testReport&lt;/a&gt;&lt;br/&gt;
Console output: &lt;a href=&quot;http://ec2-174-129-184-35.compute-1.amazonaws.com/jenkins/job/PreCommit-HIVE-TRUNK-Build/6315/console&quot; class=&quot;external-link&quot; rel=&quot;nofollow&quot;&gt;http://ec2-174-129-184-35.compute-1.amazonaws.com/jenkins/job/PreCommit-HIVE-TRUNK-Build/6315/console&lt;/a&gt;&lt;br/&gt;
Test logs: &lt;a href=&quot;http://ec2-174-129-184-35.compute-1.amazonaws.com/logs/PreCommit-HIVE-TRUNK-Build-6315/&quot; class=&quot;external-link&quot; rel=&quot;nofollow&quot;&gt;http://ec2-174-129-184-35.compute-1.amazonaws.com/logs/PreCommit-HIVE-TRUNK-Build-6315/&lt;/a&gt;&lt;/p&gt;

&lt;p&gt;Messages:&lt;/p&gt;
&lt;div class=&quot;preformatted panel&quot; style=&quot;border-width: 1px;&quot;&gt;&lt;div class=&quot;preformattedContent panelContent&quot;&gt;
&lt;pre&gt;**** This message was trimmed, see log for full details ****
[INFO] 
[INFO] --- maven-resources-plugin:2.6:testResources (default-testResources) @ udf-classloader-udf2 ---
[INFO] Using &apos;UTF-8&apos; encoding to copy filtered resources.
[INFO] skip non existing resourceDirectory /data/hive-ptest/working/apache-github-source-source/itests/custom-udfs/udf-classloader-udf2/src/test/resources
[INFO] Copying 3 resources
[INFO] 
[INFO] --- maven-antrun-plugin:1.7:run (setup-test-dirs) @ udf-classloader-udf2 ---
[INFO] Executing tasks

main:
    [mkdir] Created dir: /data/hive-ptest/working/apache-github-source-source/itests/custom-udfs/udf-classloader-udf2/target/tmp
    [mkdir] Created dir: /data/hive-ptest/working/apache-github-source-source/itests/custom-udfs/udf-classloader-udf2/target/warehouse
    [mkdir] Created dir: /data/hive-ptest/working/apache-github-source-source/itests/custom-udfs/udf-classloader-udf2/target/tmp/conf
     [copy] Copying 14 files to /data/hive-ptest/working/apache-github-source-source/itests/custom-udfs/udf-classloader-udf2/target/tmp/conf
[INFO] Executed tasks
[INFO] 
[INFO] --- maven-compiler-plugin:3.1:testCompile (default-testCompile) @ udf-classloader-udf2 ---
[INFO] No sources to compile
[INFO] 
[INFO] --- maven-surefire-plugin:2.16:test (default-test) @ udf-classloader-udf2 ---
[INFO] Tests are skipped.
[INFO] 
[INFO] --- maven-jar-plugin:2.2:jar (default-jar) @ udf-classloader-udf2 ---
[INFO] Building jar: /data/hive-ptest/working/apache-github-source-source/itests/custom-udfs/udf-classloader-udf2/target/udf-classloader-udf2-2.1.0-SNAPSHOT.jar
[INFO] 
[INFO] --- maven-site-plugin:3.3:attach-descriptor (attach-descriptor) @ udf-classloader-udf2 ---
[INFO] 
[INFO] --- maven-install-plugin:2.4:install (default-install) @ udf-classloader-udf2 ---
[INFO] Installing /data/hive-ptest/working/apache-github-source-source/itests/custom-udfs/udf-classloader-udf2/target/udf-classloader-udf2-2.1.0-SNAPSHOT.jar to /data/hive-ptest/working/maven/org/apache/hive/hive-it-custom-udfs/udf-classloader-udf2/2.1.0-SNAPSHOT/udf-classloader-udf2-2.1.0-SNAPSHOT.jar
[INFO] Installing /data/hive-ptest/working/apache-github-source-source/itests/custom-udfs/udf-classloader-udf2/pom.xml to /data/hive-ptest/working/maven/org/apache/hive/hive-it-custom-udfs/udf-classloader-udf2/2.1.0-SNAPSHOT/udf-classloader-udf2-2.1.0-SNAPSHOT.pom
[INFO]                                                                         
[INFO] ------------------------------------------------------------------------
[INFO] Building Hive Integration - HCatalog Unit Tests 2.1.0-SNAPSHOT
[INFO] ------------------------------------------------------------------------
[INFO] 
[INFO] --- maven-clean-plugin:2.5:clean (default-clean) @ hive-hcatalog-it-unit ---
[INFO] Deleting /data/hive-ptest/working/apache-github-source-source/itests/hcatalog-unit/target
[INFO] Deleting /data/hive-ptest/working/apache-github-source-source/itests/hcatalog-unit (includes = [datanucleus.log, derby.log], excludes = [])
[INFO] 
[INFO] --- maven-enforcer-plugin:1.3.1:enforce (enforce-no-snapshots) @ hive-hcatalog-it-unit ---
[INFO] 
[INFO] --- maven-antrun-plugin:1.7:run (download-spark) @ hive-hcatalog-it-unit ---
[INFO] Executing tasks

main:
[INFO] Executed tasks
[INFO] 
[INFO] --- maven-remote-resources-plugin:1.5:process (default) @ hive-hcatalog-it-unit ---
[INFO] 
[INFO] --- maven-resources-plugin:2.6:resources (default-resources) @ hive-hcatalog-it-unit ---
[INFO] Using &apos;UTF-8&apos; encoding to copy filtered resources.
[INFO] skip non existing resourceDirectory /data/hive-ptest/working/apache-github-source-source/itests/hcatalog-unit/src/main/resources
[INFO] Copying 3 resources
[INFO] 
[INFO] --- maven-antrun-plugin:1.7:run (define-classpath) @ hive-hcatalog-it-unit ---
[INFO] Executing tasks

main:
[INFO] Executed tasks
[INFO] 
[INFO] --- maven-compiler-plugin:3.1:compile (default-compile) @ hive-hcatalog-it-unit ---
[INFO] No sources to compile
[INFO] 
[INFO] --- maven-resources-plugin:2.6:testResources (default-testResources) @ hive-hcatalog-it-unit ---
[INFO] Using &apos;UTF-8&apos; encoding to copy filtered resources.
[INFO] skip non existing resourceDirectory /data/hive-ptest/working/apache-github-source-source/itests/hcatalog-unit/src/test/resources
[INFO] Copying 3 resources
[INFO] 
[INFO] --- maven-antrun-plugin:1.7:run (setup-test-dirs) @ hive-hcatalog-it-unit ---
[INFO] Executing tasks

main:
    [mkdir] Created dir: /data/hive-ptest/working/apache-github-source-source/itests/hcatalog-unit/target/tmp
    [mkdir] Created dir: /data/hive-ptest/working/apache-github-source-source/itests/hcatalog-unit/target/warehouse
    [mkdir] Created dir: /data/hive-ptest/working/apache-github-source-source/itests/hcatalog-unit/target/tmp/conf
     [copy] Copying 14 files to /data/hive-ptest/working/apache-github-source-source/itests/hcatalog-unit/target/tmp/conf
[INFO] Executed tasks
[INFO] 
[INFO] --- maven-compiler-plugin:3.1:testCompile (default-testCompile) @ hive-hcatalog-it-unit ---
[INFO] Compiling 8 source files to /data/hive-ptest/working/apache-github-source-source/itests/hcatalog-unit/target/test-classes
[WARNING] /data/hive-ptest/working/apache-github-source-source/itests/hcatalog-unit/src/test/java/org/apache/hive/hcatalog/api/TestHCatClientNotification.java: Some input files use or override a deprecated API.
[WARNING] /data/hive-ptest/working/apache-github-source-source/itests/hcatalog-unit/src/test/java/org/apache/hive/hcatalog/api/TestHCatClientNotification.java: Recompile with -Xlint:deprecation for details.
[INFO] 
[INFO] --- maven-surefire-plugin:2.16:test (default-test) @ hive-hcatalog-it-unit ---
[INFO] Tests are skipped.
[INFO] 
[INFO] --- maven-jar-plugin:2.2:jar (default-jar) @ hive-hcatalog-it-unit ---
[INFO] Building jar: /data/hive-ptest/working/apache-github-source-source/itests/hcatalog-unit/target/hive-hcatalog-it-unit-2.1.0-SNAPSHOT.jar
[INFO] 
[INFO] --- maven-site-plugin:3.3:attach-descriptor (attach-descriptor) @ hive-hcatalog-it-unit ---
[INFO] 
[INFO] --- maven-jar-plugin:2.2:test-jar (default) @ hive-hcatalog-it-unit ---
[INFO] Building jar: /data/hive-ptest/working/apache-github-source-source/itests/hcatalog-unit/target/hive-hcatalog-it-unit-2.1.0-SNAPSHOT-tests.jar
[INFO] 
[INFO] --- maven-install-plugin:2.4:install (default-install) @ hive-hcatalog-it-unit ---
[INFO] Installing /data/hive-ptest/working/apache-github-source-source/itests/hcatalog-unit/target/hive-hcatalog-it-unit-2.1.0-SNAPSHOT.jar to /data/hive-ptest/working/maven/org/apache/hive/hive-hcatalog-it-unit/2.1.0-SNAPSHOT/hive-hcatalog-it-unit-2.1.0-SNAPSHOT.jar
[INFO] Installing /data/hive-ptest/working/apache-github-source-source/itests/hcatalog-unit/pom.xml to /data/hive-ptest/working/maven/org/apache/hive/hive-hcatalog-it-unit/2.1.0-SNAPSHOT/hive-hcatalog-it-unit-2.1.0-SNAPSHOT.pom
[INFO] Installing /data/hive-ptest/working/apache-github-source-source/itests/hcatalog-unit/target/hive-hcatalog-it-unit-2.1.0-SNAPSHOT-tests.jar to /data/hive-ptest/working/maven/org/apache/hive/hive-hcatalog-it-unit/2.1.0-SNAPSHOT/hive-hcatalog-it-unit-2.1.0-SNAPSHOT-tests.jar
[INFO]                                                                         
[INFO] ------------------------------------------------------------------------
[INFO] Building Hive Integration - Testing Utilities 2.1.0-SNAPSHOT
[INFO] ------------------------------------------------------------------------
[INFO] 
[INFO] --- maven-clean-plugin:2.5:clean (default-clean) @ hive-it-util ---
[INFO] Deleting /data/hive-ptest/working/apache-github-source-source/itests/util/target
[INFO] Deleting /data/hive-ptest/working/apache-github-source-source/itests/util (includes = [datanucleus.log, derby.log], excludes = [])
[INFO] 
[INFO] --- maven-enforcer-plugin:1.3.1:enforce (enforce-no-snapshots) @ hive-it-util ---
[INFO] 
[INFO] --- maven-antrun-plugin:1.7:run (download-spark) @ hive-it-util ---
[INFO] Executing tasks

main:
[INFO] Executed tasks
[INFO] 
[INFO] --- maven-remote-resources-plugin:1.5:process (default) @ hive-it-util ---
[INFO] 
[INFO] --- maven-resources-plugin:2.6:resources (default-resources) @ hive-it-util ---
[INFO] Using &apos;UTF-8&apos; encoding to copy filtered resources.
[INFO] skip non existing resourceDirectory /data/hive-ptest/working/apache-github-source-source/itests/util/src/main/resources
[INFO] Copying 3 resources
[INFO] 
[INFO] --- maven-antrun-plugin:1.7:run (define-classpath) @ hive-it-util ---
[INFO] Executing tasks

main:
[INFO] Executed tasks
[INFO] 
[INFO] --- maven-compiler-plugin:3.1:compile (default-compile) @ hive-it-util ---
[INFO] Compiling 51 source files to /data/hive-ptest/working/apache-github-source-source/itests/util/target/classes
[INFO] -------------------------------------------------------------
[WARNING] COMPILATION WARNING : 
[INFO] -------------------------------------------------------------
[WARNING] /data/hive-ptest/working/apache-github-source-source/itests/util/src/main/java/org/apache/hadoop/hive/hbase/HBaseQTestUtil.java: Some input files use or override a deprecated API.
[WARNING] /data/hive-ptest/working/apache-github-source-source/itests/util/src/main/java/org/apache/hadoop/hive/hbase/HBaseQTestUtil.java: Recompile with -Xlint:deprecation for details.
[INFO] 2 warnings 
[INFO] -------------------------------------------------------------
[INFO] -------------------------------------------------------------
[ERROR] COMPILATION ERROR : 
[INFO] -------------------------------------------------------------
[ERROR] /data/hive-ptest/working/apache-github-source-source/itests/util/src/main/java/org/apache/hadoop/hive/ql/QTestUtil.java:[79,42] cannot find symbol
  symbol:   class LlapIoProxy
  location: package org.apache.hadoop.hive.llap.io.api
[ERROR] /data/hive-ptest/working/apache-github-source-source/itests/util/src/main/java/org/apache/hadoop/hive/ql/QTestUtil.java:[79,42] cannot find symbol
  symbol:   class LlapIoProxy
  location: package org.apache.hadoop.hive.llap.io.api
[ERROR] /data/hive-ptest/working/apache-github-source-source/itests/util/src/main/java/org/apache/hadoop/hive/ql/QTestUtil.java:[443,7] cannot find symbol
  symbol:   variable LlapIoProxy
  location: class org.apache.hadoop.hive.ql.QTestUtil
[INFO] 3 errors 
[INFO] -------------------------------------------------------------
[INFO] ------------------------------------------------------------------------
[INFO] Reactor Summary:
[INFO] 
[INFO] Hive Integration - Parent ......................... SUCCESS [8.991s]
[INFO] Hive Integration - Custom Serde ................... SUCCESS [12.515s]
[INFO] Hive Integration - Custom udfs .................... SUCCESS [3.271s]
[INFO] Hive Integration - Custom UDFs - udf-classloader-util  SUCCESS [3.502s]
[INFO] Hive Integration - Custom UDFs - udf-classloader-udf1  SUCCESS [4.300s]
[INFO] Hive Integration - Custom UDFs - udf-classloader-udf2  SUCCESS [4.238s]
[INFO] Hive Integration - HCatalog Unit Tests ............ SUCCESS [25.144s]
[INFO] Hive Integration - Testing Utilities .............. FAILURE [14.282s]
[INFO] Hive Integration - Unit Tests ..................... SKIPPED
[INFO] Hive Integration - Test Serde ..................... SKIPPED
[INFO] Hive Integration - QFile Tests .................... SKIPPED
[INFO] Hive Integration - QFile Accumulo Tests ........... SKIPPED
[INFO] JMH benchmark: Hive ............................... SKIPPED
[INFO] Hive Integration - Unit Tests - Hadoop 2 .......... SKIPPED
[INFO] Hive Integration - Unit Tests with miniKdc ........ SKIPPED
[INFO] Hive Integration - QFile Spark Tests .............. SKIPPED
[INFO] ------------------------------------------------------------------------
[INFO] BUILD FAILURE
[INFO] ------------------------------------------------------------------------
[INFO] Total time: 1:21.927s
[INFO] Finished at: Fri Dec 11 02:24:08 EST 2015
[INFO] Final Memory: 76M/207M
[INFO] ------------------------------------------------------------------------
[WARNING] The requested profile &quot;hadoop-2&quot; could not be activated because it does not exist.
[ERROR] Failed to execute goal org.apache.maven.plugins:maven-compiler-plugin:3.1:compile (default-compile) on project hive-it-util: Compilation failure: Compilation failure:
[ERROR] /data/hive-ptest/working/apache-github-source-source/itests/util/src/main/java/org/apache/hadoop/hive/ql/QTestUtil.java:[79,42] cannot find symbol
[ERROR] symbol:   class LlapIoProxy
[ERROR] location: package org.apache.hadoop.hive.llap.io.api
[ERROR] /data/hive-ptest/working/apache-github-source-source/itests/util/src/main/java/org/apache/hadoop/hive/ql/QTestUtil.java:[79,42] cannot find symbol
[ERROR] symbol:   class LlapIoProxy
[ERROR] location: package org.apache.hadoop.hive.llap.io.api
[ERROR] /data/hive-ptest/working/apache-github-source-source/itests/util/src/main/java/org/apache/hadoop/hive/ql/QTestUtil.java:[443,7] cannot find symbol
[ERROR] symbol:   variable LlapIoProxy
[ERROR] location: class org.apache.hadoop.hive.ql.QTestUtil
[ERROR] -&amp;gt; [Help 1]
[ERROR] 
[ERROR] To see the full stack trace of the errors, re-run Maven with the -e switch.
[ERROR] Re-run Maven using the -X switch to enable full debug logging.
[ERROR] 
[ERROR] For more information about the errors and possible solutions, please read the following articles:
[ERROR] [Help 1] http://cwiki.apache.org/confluence/display/MAVEN/MojoFailureException
[ERROR] 
[ERROR] After correcting the problems, you can resume the build with the command
[ERROR]   mvn &amp;lt;goals&amp;gt; -rf :hive-it-util
+ exit 1
&apos;
&lt;/pre&gt;
&lt;/div&gt;&lt;/div&gt;

&lt;p&gt;This message is automatically generated.&lt;/p&gt;

&lt;p&gt;ATTACHMENT ID: 12776706 - PreCommit-HIVE-TRUNK-Build&lt;/p&gt;</comment>
                            <comment id="15053594" author="sershe" created="Fri, 11 Dec 2015 21:27:57 +0000"  >&lt;p&gt;Hmm, it doesn&apos;t look like ORC split generation is getting called in the test.&lt;/p&gt;</comment>
                            <comment id="15053654" author="sershe" created="Fri, 11 Dec 2015 22:01:58 +0000"  >&lt;p&gt;The patch that actually works (the test works with the LLAP IO init fixed the way it&apos;s done in the blocking JIRA). &lt;/p&gt;</comment>
                            <comment id="15053661" author="sershe" created="Fri, 11 Dec 2015 22:05:55 +0000"  >&lt;p&gt;&lt;a href=&quot;https://issues.apache.org/jira/secure/ViewProfile.jspa?name=prasanth_j&quot; class=&quot;user-hover&quot; rel=&quot;prasanth_j&quot;&gt;Prasanth Jayachandran&lt;/a&gt; can you review? Unfortunately I cannot create an RB, there&apos;s some bug and it won&apos;t accept any patch&lt;/p&gt;</comment>
                            <comment id="15053979" author="hiveqa" created="Sat, 12 Dec 2015 02:53:10 +0000"  >

&lt;p&gt;Here are the results of testing the latest attachment:&lt;br/&gt;
&lt;a href=&quot;https://issues.apache.org/jira/secure/attachment/12777182/HIVE-12632.01.patch&quot; class=&quot;external-link&quot; rel=&quot;nofollow&quot;&gt;https://issues.apache.org/jira/secure/attachment/12777182/HIVE-12632.01.patch&lt;/a&gt;&lt;/p&gt;

&lt;p&gt;&lt;font color=&quot;green&quot;&gt;SUCCESS:&lt;/font&gt; +1 due to 1 test(s) being added or modified.&lt;/p&gt;

&lt;p&gt;&lt;font color=&quot;red&quot;&gt;ERROR:&lt;/font&gt; -1 due to 13 failed/errored test(s), 9880 tests executed&lt;br/&gt;
&lt;b&gt;Failed tests:&lt;/b&gt;&lt;/p&gt;
&lt;div class=&quot;preformatted panel&quot; style=&quot;border-width: 1px;&quot;&gt;&lt;div class=&quot;preformattedContent panelContent&quot;&gt;
&lt;pre&gt;TestHWISessionManager - did not produce a TEST-*.xml file
TestSparkCliDriver-timestamp_lazy.q-bucketsortoptimize_insert_4.q-date_udf.q-and-12-more - did not produce a TEST-*.xml file
org.apache.hadoop.hive.cli.TestCliDriver.testCliDriver_cbo_udf_max
org.apache.hadoop.hive.cli.TestCliDriver.testCliDriver_index_auto_mult_tables_compact
org.apache.hadoop.hive.cli.TestCliDriver.testCliDriver_order2
org.apache.hadoop.hive.cli.TestCliDriver.testCliDriver_union9
org.apache.hadoop.hive.cli.TestEncryptedHDFSCliDriver.testCliDriver_encryption_insert_partition_dynamic
org.apache.hadoop.hive.cli.TestMiniLlapCliDriver.testCliDriver_dynamic_partition_pruning
org.apache.hadoop.hive.cli.TestMiniLlapCliDriver.testCliDriver_vectorized_dynamic_partition_pruning
org.apache.hadoop.hive.cli.TestMiniTezCliDriver.testCliDriver_mergejoin
org.apache.hadoop.hive.cli.TestNegativeCliDriver.testNegativeCliDriver_authorization_uri_import
org.apache.hadoop.hive.metastore.TestHiveMetaStorePartitionSpecs.testGetPartitionSpecs_WithAndWithoutPartitionGrouping
org.apache.hive.jdbc.TestSSL.testSSLVersion
&lt;/pre&gt;
&lt;/div&gt;&lt;/div&gt;

&lt;p&gt;Test results: &lt;a href=&quot;http://ec2-174-129-184-35.compute-1.amazonaws.com/jenkins/job/PreCommit-HIVE-TRUNK-Build/6323/testReport&quot; class=&quot;external-link&quot; rel=&quot;nofollow&quot;&gt;http://ec2-174-129-184-35.compute-1.amazonaws.com/jenkins/job/PreCommit-HIVE-TRUNK-Build/6323/testReport&lt;/a&gt;&lt;br/&gt;
Console output: &lt;a href=&quot;http://ec2-174-129-184-35.compute-1.amazonaws.com/jenkins/job/PreCommit-HIVE-TRUNK-Build/6323/console&quot; class=&quot;external-link&quot; rel=&quot;nofollow&quot;&gt;http://ec2-174-129-184-35.compute-1.amazonaws.com/jenkins/job/PreCommit-HIVE-TRUNK-Build/6323/console&lt;/a&gt;&lt;br/&gt;
Test logs: &lt;a href=&quot;http://ec2-174-129-184-35.compute-1.amazonaws.com/logs/PreCommit-HIVE-TRUNK-Build-6323/&quot; class=&quot;external-link&quot; rel=&quot;nofollow&quot;&gt;http://ec2-174-129-184-35.compute-1.amazonaws.com/logs/PreCommit-HIVE-TRUNK-Build-6323/&lt;/a&gt;&lt;/p&gt;

&lt;p&gt;Messages:&lt;/p&gt;
&lt;div class=&quot;preformatted panel&quot; style=&quot;border-width: 1px;&quot;&gt;&lt;div class=&quot;preformattedContent panelContent&quot;&gt;
&lt;pre&gt;Executing org.apache.hive.ptest.execution.TestCheckPhase
Executing org.apache.hive.ptest.execution.PrepPhase
Executing org.apache.hive.ptest.execution.ExecutionPhase
Executing org.apache.hive.ptest.execution.ReportingPhase
Tests exited with: TestsFailedException: 13 tests failed
&lt;/pre&gt;
&lt;/div&gt;&lt;/div&gt;

&lt;p&gt;This message is automatically generated.&lt;/p&gt;

&lt;p&gt;ATTACHMENT ID: 12777182 - PreCommit-HIVE-TRUNK-Build&lt;/p&gt;</comment>
                            <comment id="15056724" author="sershe" created="Mon, 14 Dec 2015 21:08:34 +0000"  >&lt;p&gt;All test failures have age more than 1&lt;/p&gt;</comment>
                            <comment id="15056730" author="alangates" created="Mon, 14 Dec 2015 21:13:35 +0000"  >&lt;p&gt;+1 from the ACID side, I don&apos;t know enough to review the LLAP side.&lt;/p&gt;</comment>
                            <comment id="15063163" author="sershe" created="Fri, 18 Dec 2015 00:26:15 +0000"  >&lt;p&gt;&lt;a href=&quot;https://issues.apache.org/jira/secure/ViewProfile.jspa?name=prasanth_j&quot; class=&quot;user-hover&quot; rel=&quot;prasanth_j&quot;&gt;Prasanth Jayachandran&lt;/a&gt; can you review? posted an RB. This causes incorrect results, so it&apos;s a blocker.&lt;/p&gt;

&lt;p&gt;PS. The first revision on RB is some random unrelated patch. The 2nd revision has the proper patch.&lt;/p&gt;</comment>
                            <comment id="15063433" author="prasanth_j" created="Fri, 18 Dec 2015 04:35:28 +0000"  >&lt;p&gt;Minor comment about the explain output in RB. Other than that looks good to me. +1&lt;/p&gt;</comment>
                            <comment id="15064799" author="hiveqa" created="Fri, 18 Dec 2015 21:34:23 +0000"  >

&lt;p&gt;Here are the results of testing the latest attachment:&lt;br/&gt;
&lt;a href=&quot;https://issues.apache.org/jira/secure/attachment/12778388/HIVE-12632.02.patch&quot; class=&quot;external-link&quot; rel=&quot;nofollow&quot;&gt;https://issues.apache.org/jira/secure/attachment/12778388/HIVE-12632.02.patch&lt;/a&gt;&lt;/p&gt;

&lt;p&gt;&lt;font color=&quot;green&quot;&gt;SUCCESS:&lt;/font&gt; +1 due to 1 test(s) being added or modified.&lt;/p&gt;

&lt;p&gt;&lt;font color=&quot;red&quot;&gt;ERROR:&lt;/font&gt; -1 due to 17 failed/errored test(s), 9951 tests executed&lt;br/&gt;
&lt;b&gt;Failed tests:&lt;/b&gt;&lt;/p&gt;
&lt;div class=&quot;preformatted panel&quot; style=&quot;border-width: 1px;&quot;&gt;&lt;div class=&quot;preformattedContent panelContent&quot;&gt;
&lt;pre&gt;TestHWISessionManager - did not produce a TEST-*.xml file
TestSparkCliDriver-timestamp_lazy.q-bucketsortoptimize_insert_4.q-date_udf.q-and-12-more - did not produce a TEST-*.xml file
org.apache.hadoop.hive.cli.TestCliDriver.testCliDriver_auto_join_stats2
org.apache.hadoop.hive.cli.TestCliDriver.testCliDriver_llap_acid
org.apache.hadoop.hive.cli.TestEncryptedHDFSCliDriver.testCliDriver_encryption_insert_partition_dynamic
org.apache.hadoop.hive.cli.TestNegativeCliDriver.testNegativeCliDriver_authorization_uri_import
org.apache.hadoop.hive.ql.exec.spark.session.TestSparkSessionManagerImpl.testMultiSessionMultipleUse
org.apache.hadoop.hive.ql.exec.spark.session.TestSparkSessionManagerImpl.testSingleSessionMultipleUse
org.apache.hive.jdbc.TestSSL.testSSLVersion
org.apache.hive.spark.client.TestSparkClient.testAddJarsAndFiles
org.apache.hive.spark.client.TestSparkClient.testCounters
org.apache.hive.spark.client.TestSparkClient.testErrorJob
org.apache.hive.spark.client.TestSparkClient.testJobSubmission
org.apache.hive.spark.client.TestSparkClient.testMetricsCollection
org.apache.hive.spark.client.TestSparkClient.testRemoteClient
org.apache.hive.spark.client.TestSparkClient.testSimpleSparkJob
org.apache.hive.spark.client.TestSparkClient.testSyncRpc
&lt;/pre&gt;
&lt;/div&gt;&lt;/div&gt;

&lt;p&gt;Test results: &lt;a href=&quot;http://ec2-174-129-184-35.compute-1.amazonaws.com/jenkins/job/PreCommit-HIVE-TRUNK-Build/6398/testReport&quot; class=&quot;external-link&quot; rel=&quot;nofollow&quot;&gt;http://ec2-174-129-184-35.compute-1.amazonaws.com/jenkins/job/PreCommit-HIVE-TRUNK-Build/6398/testReport&lt;/a&gt;&lt;br/&gt;
Console output: &lt;a href=&quot;http://ec2-174-129-184-35.compute-1.amazonaws.com/jenkins/job/PreCommit-HIVE-TRUNK-Build/6398/console&quot; class=&quot;external-link&quot; rel=&quot;nofollow&quot;&gt;http://ec2-174-129-184-35.compute-1.amazonaws.com/jenkins/job/PreCommit-HIVE-TRUNK-Build/6398/console&lt;/a&gt;&lt;br/&gt;
Test logs: &lt;a href=&quot;http://ec2-174-129-184-35.compute-1.amazonaws.com/logs/PreCommit-HIVE-TRUNK-Build-6398/&quot; class=&quot;external-link&quot; rel=&quot;nofollow&quot;&gt;http://ec2-174-129-184-35.compute-1.amazonaws.com/logs/PreCommit-HIVE-TRUNK-Build-6398/&lt;/a&gt;&lt;/p&gt;

&lt;p&gt;Messages:&lt;/p&gt;
&lt;div class=&quot;preformatted panel&quot; style=&quot;border-width: 1px;&quot;&gt;&lt;div class=&quot;preformattedContent panelContent&quot;&gt;
&lt;pre&gt;Executing org.apache.hive.ptest.execution.TestCheckPhase
Executing org.apache.hive.ptest.execution.PrepPhase
Executing org.apache.hive.ptest.execution.ExecutionPhase
Executing org.apache.hive.ptest.execution.ReportingPhase
Tests exited with: TestsFailedException: 17 tests failed
&lt;/pre&gt;
&lt;/div&gt;&lt;/div&gt;

&lt;p&gt;This message is automatically generated.&lt;/p&gt;

&lt;p&gt;ATTACHMENT ID: 12778388 - PreCommit-HIVE-TRUNK-Build&lt;/p&gt;</comment>
                            <comment id="15064813" author="sershe" created="Fri, 18 Dec 2015 21:40:38 +0000"  >&lt;p&gt;Updated the explain code.&lt;/p&gt;</comment>
                            <comment id="15065355" author="hiveqa" created="Sat, 19 Dec 2015 12:33:09 +0000"  >

&lt;p&gt;Here are the results of testing the latest attachment:&lt;br/&gt;
&lt;a href=&quot;https://issues.apache.org/jira/secure/attachment/12778596/HIVE-12632.03.patch&quot; class=&quot;external-link&quot; rel=&quot;nofollow&quot;&gt;https://issues.apache.org/jira/secure/attachment/12778596/HIVE-12632.03.patch&lt;/a&gt;&lt;/p&gt;

&lt;p&gt;&lt;font color=&quot;green&quot;&gt;SUCCESS:&lt;/font&gt; +1 due to 1 test(s) being added or modified.&lt;/p&gt;

&lt;p&gt;&lt;font color=&quot;red&quot;&gt;ERROR:&lt;/font&gt; -1 due to 19 failed/errored test(s), 9969 tests executed&lt;br/&gt;
&lt;b&gt;Failed tests:&lt;/b&gt;&lt;/p&gt;
&lt;div class=&quot;preformatted panel&quot; style=&quot;border-width: 1px;&quot;&gt;&lt;div class=&quot;preformattedContent panelContent&quot;&gt;
&lt;pre&gt;TestHWISessionManager - did not produce a TEST-*.xml file
org.apache.hadoop.hive.cli.TestCliDriver.testCliDriver_auto_join_stats2
org.apache.hadoop.hive.cli.TestCliDriver.testCliDriver_stats_filemetadata
org.apache.hadoop.hive.cli.TestEncryptedHDFSCliDriver.testCliDriver_encryption_insert_partition_dynamic
org.apache.hadoop.hive.cli.TestMiniLlapCliDriver.testCliDriver_stats_filemetadata
org.apache.hadoop.hive.cli.TestNegativeCliDriver.testNegativeCliDriver_authorization_uri_import
org.apache.hadoop.hive.cli.TestNegativeCliDriver.testNegativeCliDriver_columnstats_partlvl_multiple_part_clause
org.apache.hadoop.hive.ql.exec.spark.session.TestSparkSessionManagerImpl.testMultiSessionMultipleUse
org.apache.hadoop.hive.ql.exec.spark.session.TestSparkSessionManagerImpl.testSingleSessionMultipleUse
org.apache.hadoop.hive.ql.security.authorization.plugin.TestHiveOperationType.checkHiveOperationTypeMatch
org.apache.hive.jdbc.TestSSL.testSSLVersion
org.apache.hive.spark.client.TestSparkClient.testAddJarsAndFiles
org.apache.hive.spark.client.TestSparkClient.testCounters
org.apache.hive.spark.client.TestSparkClient.testErrorJob
org.apache.hive.spark.client.TestSparkClient.testJobSubmission
org.apache.hive.spark.client.TestSparkClient.testMetricsCollection
org.apache.hive.spark.client.TestSparkClient.testRemoteClient
org.apache.hive.spark.client.TestSparkClient.testSimpleSparkJob
org.apache.hive.spark.client.TestSparkClient.testSyncRpc
&lt;/pre&gt;
&lt;/div&gt;&lt;/div&gt;

&lt;p&gt;Test results: &lt;a href=&quot;http://ec2-174-129-184-35.compute-1.amazonaws.com/jenkins/job/PreCommit-HIVE-TRUNK-Build/6407/testReport&quot; class=&quot;external-link&quot; rel=&quot;nofollow&quot;&gt;http://ec2-174-129-184-35.compute-1.amazonaws.com/jenkins/job/PreCommit-HIVE-TRUNK-Build/6407/testReport&lt;/a&gt;&lt;br/&gt;
Console output: &lt;a href=&quot;http://ec2-174-129-184-35.compute-1.amazonaws.com/jenkins/job/PreCommit-HIVE-TRUNK-Build/6407/console&quot; class=&quot;external-link&quot; rel=&quot;nofollow&quot;&gt;http://ec2-174-129-184-35.compute-1.amazonaws.com/jenkins/job/PreCommit-HIVE-TRUNK-Build/6407/console&lt;/a&gt;&lt;br/&gt;
Test logs: &lt;a href=&quot;http://ec2-174-129-184-35.compute-1.amazonaws.com/logs/PreCommit-HIVE-TRUNK-Build-6407/&quot; class=&quot;external-link&quot; rel=&quot;nofollow&quot;&gt;http://ec2-174-129-184-35.compute-1.amazonaws.com/logs/PreCommit-HIVE-TRUNK-Build-6407/&lt;/a&gt;&lt;/p&gt;

&lt;p&gt;Messages:&lt;/p&gt;
&lt;div class=&quot;preformatted panel&quot; style=&quot;border-width: 1px;&quot;&gt;&lt;div class=&quot;preformattedContent panelContent&quot;&gt;
&lt;pre&gt;Executing org.apache.hive.ptest.execution.TestCheckPhase
Executing org.apache.hive.ptest.execution.PrepPhase
Executing org.apache.hive.ptest.execution.ExecutionPhase
Executing org.apache.hive.ptest.execution.ReportingPhase
Tests exited with: TestsFailedException: 19 tests failed
&lt;/pre&gt;
&lt;/div&gt;&lt;/div&gt;

&lt;p&gt;This message is automatically generated.&lt;/p&gt;

&lt;p&gt;ATTACHMENT ID: 12778596 - PreCommit-HIVE-TRUNK-Build&lt;/p&gt;</comment>
                            <comment id="15067060" author="sershe" created="Mon, 21 Dec 2015 21:07:13 +0000"  >&lt;p&gt;committed to master and branch-2.0&lt;/p&gt;</comment>
                    </comments>
                <issuelinks>
                            <issuelinktype id="10032">
                    <name>Blocker</name>
                                                                <inwardlinks description="is blocked by">
                                        <issuelink>
            <issuekey id="12920897">HIVE-12648</issuekey>
        </issuelink>
                            </inwardlinks>
                                    </issuelinktype>
                            <issuelinktype id="12310000">
                    <name>Duplicate</name>
                                                                <inwardlinks description="is duplicated by">
                                        <issuelink>
            <issuekey id="12917733">HIVE-12572</issuekey>
        </issuelink>
                            </inwardlinks>
                                    </issuelinktype>
                            <issuelinktype id="10030">
                    <name>Reference</name>
                                            <outwardlinks description="relates to">
                                        <issuelink>
            <issuekey id="12920526">HIVE-12631</issuekey>
        </issuelink>
                            </outwardlinks>
                                                        </issuelinktype>
                    </issuelinks>
                <attachments>
                            <attachment id="12777182" name="HIVE-12632.01.patch" size="33786" author="sershe" created="Fri, 11 Dec 2015 22:01:58 +0000"/>
                            <attachment id="12778388" name="HIVE-12632.02.patch" size="33589" author="sershe" created="Fri, 18 Dec 2015 00:26:30 +0000"/>
                            <attachment id="12778596" name="HIVE-12632.03.patch" size="34096" author="sershe" created="Fri, 18 Dec 2015 21:40:38 +0000"/>
                            <attachment id="12776706" name="HIVE-12632.patch" size="38585" author="sershe" created="Thu, 10 Dec 2015 02:22:23 +0000"/>
                    </attachments>
                <subtasks>
                    </subtasks>
                <customfields>
                                                <customfield id="customfield_12310310" key="com.atlassian.jira.toolkit:attachments">
                        <customfieldname>Attachment count</customfieldname>
                        <customfieldvalues>
                            <customfieldvalue>4.0</customfieldvalue>
                        </customfieldvalues>
                    </customfield>
                                                                                                                                                                                                                                                                                                                                                                                                                                                                                                                                <customfield id="customfield_12310220" key="com.atlassian.jira.ext.charting:firstresponsedate">
                        <customfieldname>Date of First Response</customfieldname>
                        <customfieldvalues>
                            <customfieldvalue>Thu, 10 Dec 2015 02:22:23 +0000</customfieldvalue>

                        </customfieldvalues>
                    </customfield>
                                                                                                                                                                                                                                                                                                                                                                                                                                            <customfield id="customfield_12310420" key="com.pyxis.greenhopper.jira:gh-global-rank">
                        <customfieldname>Global Rank</customfieldname>
                        <customfieldvalues>
                            <customfieldvalue>9223372036854775807</customfieldvalue>
                        </customfieldvalues>
                    </customfield>
                                                                                                                                                    <customfield id="customfield_12312521" key="com.atlassian.jira.toolkit:LastCommentDate">
                        <customfieldname>Last public comment date</customfieldname>
                        <customfieldvalues>
                            49 weeks, 3 days ago
                        </customfieldvalues>
                    </customfield>
                                                                                            <customfield id="customfield_12311820" key="com.pyxis.greenhopper.jira:gh-lexo-rank">
                        <customfieldname>Rank</customfieldname>
                        <customfieldvalues>
                            <customfieldvalue>0|i2poe7:</customfieldvalue>

                        </customfieldvalues>
                    </customfield>
                                                                <customfield id="customfield_12310920" key="com.pyxis.greenhopper.jira:gh-global-rank">
                        <customfieldname>Rank (Obsolete)</customfieldname>
                        <customfieldvalues>
                            <customfieldvalue>9223372036854775807</customfieldvalue>
                        </customfieldvalues>
                    </customfield>
                                                                                                                                                                                                                                                                    <customfield id="customfield_12310320" key="com.atlassian.jira.plugin.system.customfieldtypes:multiversion">
                        <customfieldname>Target Version/s</customfieldname>
                        <customfieldvalues>
                                <customfieldvalue>12332641</customfieldvalue>
    
                        </customfieldvalues>
                    </customfield>
                                                                                            <customfield id="customfield_12310222" key="com.atlassian.jira.ext.charting:timeinstatus">
                        <customfieldname>Time in Status</customfieldname>
                        <customfieldvalues>
                            
                        </customfieldvalues>
                    </customfield>
                                                                                                                        </customfields>
    </item>
</channel>
</rss>