<!-- 
RSS generated by JIRA (6.3.4#6332-sha1:51bc225ef474afe3128b2f66878477f322397b16) at Fri Dec 02 05:41:29 UTC 2016

It is possible to restrict the fields that are returned in this document by specifying the 'field' parameter in your request.
For example, to request only the issue key and summary add field=key&field=summary to the URL of your request.
For example:
https://issues.apache.org/jira/si/jira.issueviews:issue-xml/HIVE-14964/HIVE-14964.xml?field=key&amp;field=summary
-->
<rss version="0.92" >
<channel>
    <title>ASF JIRA</title>
    <link>https://issues.apache.org/jira</link>
    <description>This file is an XML representation of an issue</description>
    <language>en-uk</language>    <build-info>
        <version>6.3.4</version>
        <build-number>6332</build-number>
        <build-date>15-08-2014</build-date>
    </build-info>

<item>
            <title>[HIVE-14964] Failing Test: Fix TestBeelineArgParsing tests</title>
                <link>https://issues.apache.org/jira/browse/HIVE-14964</link>
                <project id="12310843" key="HIVE">Hive</project>
                    <description>&lt;p&gt;Failing last several builds:&lt;/p&gt;
&lt;div class=&quot;preformatted panel&quot; style=&quot;border-width: 1px;&quot;&gt;&lt;div class=&quot;preformattedContent panelContent&quot;&gt;
&lt;pre&gt; org.apache.hive.beeline.TestBeelineArgParsing.testAddLocalJar[0]	0.12 sec	12
 org.apache.hive.beeline.TestBeelineArgParsing.testAddLocalJarWithoutAddDriverClazz[0]	29 ms	12
 org.apache.hive.beeline.TestBeelineArgParsing.testAddLocalJar[1]	42 ms	12
&lt;/pre&gt;
&lt;/div&gt;&lt;/div&gt;</description>
                <environment></environment>
        <key id="13012417">HIVE-14964</key>
            <summary>Failing Test: Fix TestBeelineArgParsing tests</summary>
                <type id="1" iconUrl="https://issues.apache.org/jira/images/icons/issuetypes/bug.png">Bug</type>
                                            <priority id="3" iconUrl="https://issues.apache.org/jira/images/icons/priorities/major.png">Major</priority>
                        <status id="5" iconUrl="https://issues.apache.org/jira/images/icons/statuses/resolved.png" description="A resolution has been taken, and it is awaiting verification by reporter. From here issues are either reopened, or are closed.">Resolved</status>
                    <statusCategory id="3" key="done" colorName="green"/>
                                    <resolution id="1">Fixed</resolution>
                                        <assignee username="kgyrtkirk">Zoltan Haindrich</assignee>
                                    <reporter username="jdere">Jason Dere</reporter>
                        <labels>
                    </labels>
                <created>Fri, 14 Oct 2016 17:35:44 +0000</created>
                <updated>Wed, 9 Nov 2016 19:44:41 +0000</updated>
                            <resolved>Thu, 27 Oct 2016 03:39:03 +0000</resolved>
                                    <version>1.1.1</version>
                    <version>1.2.1</version>
                                    <fixVersion>1.3.0</fixVersion>
                    <fixVersion>1.2.2</fixVersion>
                    <fixVersion>2.2.0</fixVersion>
                                    <component>Tests</component>
                        <due></due>
                            <votes>0</votes>
                                    <watches>5</watches>
                                                                <comments>
                            <comment id="15576174" author="vihangk1" created="Fri, 14 Oct 2016 18:56:58 +0000"  >&lt;p&gt;Hi &lt;a href=&quot;https://issues.apache.org/jira/secure/ViewProfile.jspa?name=jdere&quot; class=&quot;user-hover&quot; rel=&quot;jdere&quot;&gt;Jason Dere&lt;/a&gt; Last I checked these tests were working. Can you point to the runs where they failed recently? Thanks.&lt;/p&gt;</comment>
                            <comment id="15576410" author="jdere" created="Fri, 14 Oct 2016 20:38:37 +0000"  >&lt;p&gt;Failing for the last 15 builds - most recent build as of now is this one:&lt;/p&gt;

&lt;p&gt;&lt;a href=&quot;https://builds.apache.org/job/PreCommit-HIVE-Build/1568/testReport/&quot; class=&quot;external-link&quot; rel=&quot;nofollow&quot;&gt;https://builds.apache.org/job/PreCommit-HIVE-Build/1568/testReport/&lt;/a&gt;&lt;/p&gt;</comment>
                            <comment id="15576533" author="vihangk1" created="Fri, 14 Oct 2016 21:24:39 +0000"  >&lt;p&gt;The tests are running successfully locally. All the tests fail with &quot;Fail to add local jar due to the exception:java.util.zip.ZipException: error in opening zip file error in opening zip file&quot; .. I am thinking this is some configuration issue with the test setup but not sure. Is there a way to get access to the environment so that we can debug?&lt;/p&gt;</comment>
                            <comment id="15576618" author="jdere" created="Fri, 14 Oct 2016 21:54:07 +0000"  >&lt;p&gt;&lt;a href=&quot;https://issues.apache.org/jira/secure/ViewProfile.jspa?name=sseth&quot; class=&quot;user-hover&quot; rel=&quot;sseth&quot;&gt;Siddharth Seth&lt;/a&gt; &lt;a href=&quot;https://issues.apache.org/jira/secure/ViewProfile.jspa?name=prasanth_j&quot; class=&quot;user-hover&quot; rel=&quot;prasanth_j&quot;&gt;Prasanth Jayachandran&lt;/a&gt; were there any changes to PTest recently which might have caused this failure?&lt;/p&gt;</comment>
                            <comment id="15576633" author="sseth" created="Fri, 14 Oct 2016 21:59:32 +0000"  >&lt;p&gt;It&apos;s moved to a different set of hosts.&lt;br/&gt;
I was trying out these tests rightnow - they fail locally with a NPE. If I&apos;m not mistaken they&apos;re trying to find some jar which isn&apos;t available?&lt;br/&gt;
Actually - I see the ZIpException when running locally as well.&lt;/p&gt;

&lt;div class=&quot;code panel&quot; style=&quot;border-width: 1px;&quot;&gt;&lt;div class=&quot;codeContent panelContent&quot;&gt;
&lt;pre class=&quot;code-java&quot;&gt;
2016-10-14T15:07:08,989  INFO [main] beeline.TestBeelineArgParsing: Add /Users/sseth/.m2/repository/postgresql/postgresql/9.1-901.jdbc4/postgresql-9.1-901.jdbc4.jar &lt;span class=&quot;code-keyword&quot;&gt;for&lt;/span&gt; the driver class org.postgresql.Driver
Fail to add local jar due to the exception:java.util.zip.ZipException: error in opening zip file
java.util.zip.ZipException: error in opening zip file
  at java.util.zip.ZipFile.open(Native Method)
  at java.util.zip.ZipFile.&amp;lt;init&amp;gt;(ZipFile.java:219)
  at java.util.zip.ZipFile.&amp;lt;init&amp;gt;(ZipFile.java:149)
  at java.util.jar.JarFile.&amp;lt;init&amp;gt;(JarFile.java:166)
  at java.util.jar.JarFile.&amp;lt;init&amp;gt;(JarFile.java:130)
  at org.apache.hive.beeline.ClassNameCompleter.getClassNames(ClassNameCompleter.java:139)
  at org.apache.hive.beeline.BeeLine.scanDrivers(BeeLine.java:1918)
  at org.apache.hive.beeline.Commands.addlocaldriverjar(Commands.java:176)
  at org.apache.hive.beeline.TestBeelineArgParsing$TestBeeline.addLocalJar(TestBeelineArgParsing.java:91)
  at org.apache.hive.beeline.TestBeelineArgParsing.testAddLocalJar(TestBeelineArgParsing.java:260)
  at sun.reflect.NativeMethodAccessorImpl.invoke0(Native Method)
  at sun.reflect.NativeMethodAccessorImpl.invoke(NativeMethodAccessorImpl.java:62)
  at sun.reflect.DelegatingMethodAccessorImpl.invoke(DelegatingMethodAccessorImpl.java:43)
  at java.lang.reflect.Method.invoke(Method.java:497)
  at org.junit.runners.model.FrameworkMethod$1.runReflectiveCall(FrameworkMethod.java:47)
  at org.junit.internal.runners.model.ReflectiveCallable.run(ReflectiveCallable.java:12)
  at org.junit.runners.model.FrameworkMethod.invokeExplosively(FrameworkMethod.java:44)
  at org.junit.internal.runners.statements.InvokeMethod.evaluate(InvokeMethod.java:17)
  at org.junit.runners.ParentRunner.runLeaf(ParentRunner.java:271)
  at org.junit.runners.BlockJUnit4ClassRunner.runChild(BlockJUnit4ClassRunner.java:70)
  at org.junit.runners.BlockJUnit4ClassRunner.runChild(BlockJUnit4ClassRunner.java:50)
  at org.junit.runners.ParentRunner$3.run(ParentRunner.java:238)
  at org.junit.runners.ParentRunner$1.schedule(ParentRunner.java:63)
  at org.junit.runners.ParentRunner.runChildren(ParentRunner.java:236)
  at org.junit.runners.ParentRunner.access$000(ParentRunner.java:53)
  at org.junit.runners.ParentRunner$2.evaluate(ParentRunner.java:229)
  at org.junit.runners.ParentRunner.run(ParentRunner.java:309)
  at org.junit.runners.Suite.runChild(Suite.java:127)
  at org.junit.runners.Suite.runChild(Suite.java:26)
  at org.junit.runners.ParentRunner$3.run(ParentRunner.java:238)
  at org.junit.runners.ParentRunner$1.schedule(ParentRunner.java:63)
  at org.junit.runners.ParentRunner.runChildren(ParentRunner.java:236)
  at org.junit.runners.ParentRunner.access$000(ParentRunner.java:53)
  at org.junit.runners.ParentRunner$2.evaluate(ParentRunner.java:229)
  at org.junit.runners.ParentRunner.run(ParentRunner.java:309)
  at org.apache.maven.surefire.junit4.JUnit4Provider.execute(JUnit4Provider.java:367)
  at org.apache.maven.surefire.junit4.JUnit4Provider.executeWithRerun(JUnit4Provider.java:274)
  at org.apache.maven.surefire.junit4.JUnit4Provider.executeTestSet(JUnit4Provider.java:238)
  at org.apache.maven.surefire.junit4.JUnit4Provider.invoke(JUnit4Provider.java:161)
  at org.apache.maven.surefire.booter.ForkedBooter.invokeProviderInSameClassLoader(ForkedBooter.java:290)
  at org.apache.maven.surefire.booter.ForkedBooter.runSuitesInProcess(ForkedBooter.java:242)
  at org.apache.maven.surefire.booter.ForkedBooter.main(ForkedBooter.java:121)
error in opening zip file
&lt;/pre&gt;
&lt;/div&gt;&lt;/div&gt;

&lt;p&gt;Also for DummyDriver.jar.&lt;/p&gt;

&lt;p&gt;Interestingly enough, the jar files exist and can be unzipped.&lt;/p&gt;</comment>
                            <comment id="15576658" author="vihangk1" created="Fri, 14 Oct 2016 22:08:29 +0000"  >&lt;p&gt;When I run them locally they work. The try to run add addlocaldriverjar command using Beeline. Based on the test logs its trying to add /home/hiveptest/104.154.86.69-hiveptest-1/maven/postgresql/postgresql/9.1-901.jdbc4/postgresql-9.1-901.jdbc4.jar. I think the file is present else the error message would have been different. I think the jar comes from the maven dependency&lt;/p&gt;

&lt;div class=&quot;preformatted panel&quot; style=&quot;border-width: 1px;&quot;&gt;&lt;div class=&quot;preformattedContent panelContent&quot;&gt;
&lt;pre&gt;    &amp;lt;dependency&amp;gt;
      &amp;lt;groupId&amp;gt;postgresql&amp;lt;/groupId&amp;gt;
      &amp;lt;artifactId&amp;gt;postgresql&amp;lt;/artifactId&amp;gt;
      &amp;lt;version&amp;gt;9.1-901.jdbc4&amp;lt;/version&amp;gt;
      &amp;lt;scope&amp;gt;test&amp;lt;/scope&amp;gt;
    &amp;lt;/dependency&amp;gt;
&lt;/pre&gt;
&lt;/div&gt;&lt;/div&gt;</comment>
                            <comment id="15576700" author="sseth" created="Fri, 14 Oct 2016 22:18:02 +0000"  >&lt;p&gt;ClassNameCompleter does a scan of a bunch of files - and opens all of them as jar files. &lt;br/&gt;
This is failing while reading &quot;$&lt;/p&gt;
{HOME}
&lt;p&gt;/Library/Java/Extensions/libJNPRAuthKit.jnilib&quot; on a mac - which is not a jar file.&lt;/p&gt;

&lt;p&gt;I think this is a real bug. Likely started showing up because the JDK version has changed with the new ptest nodes.&lt;/p&gt;</comment>
                            <comment id="15576717" author="vihangk1" created="Fri, 14 Oct 2016 22:25:22 +0000"  >&lt;p&gt;Interesting .. what is the JDK version on ptest nodes?&lt;/p&gt;</comment>
                            <comment id="15589886" author="sseth" created="Wed, 19 Oct 2016 21:19:42 +0000"  >&lt;div class=&quot;code panel&quot; style=&quot;border-width: 1px;&quot;&gt;&lt;div class=&quot;codeContent panelContent&quot;&gt;
&lt;pre class=&quot;code-java&quot;&gt;
openjdk version &lt;span class=&quot;code-quote&quot;&gt;&quot;1.8.0_102&quot;&lt;/span&gt;
OpenJDK &lt;span class=&quot;code-object&quot;&gt;Runtime&lt;/span&gt; Environment (build 1.8.0_102-8u102-b14.1-1~bpo8+1-b14)
OpenJDK 64-Bit Server VM (build 25.102-b14, mixed mode)
&lt;/pre&gt;
&lt;/div&gt;&lt;/div&gt;


&lt;p&gt;&lt;a href=&quot;https://issues.apache.org/jira/secure/ViewProfile.jspa?name=vgumashta&quot; class=&quot;user-hover&quot; rel=&quot;vgumashta&quot;&gt;Vaibhav Gumashta&lt;/a&gt; - any thoughts on what is required here, and whether it is a bug. (I believe it is). A potentially simple fix would be to ensure the files being traversed are jar files (by extension), before interpreting them as jar files.. Would like to understand this better though. Why are we walking through jars, and loading each of them individually.&lt;/p&gt;</comment>
                            <comment id="15595389" author="kgyrtkirk" created="Fri, 21 Oct 2016 15:16:38 +0000"  >&lt;p&gt;patch#1 will only make it a bit more clear what happening inside &lt;tt&gt;ClassNameCompleter&lt;/tt&gt;...at least it will show which file has some issues &lt;img class=&quot;emoticon&quot; src=&quot;https://issues.apache.org/jira/images/icons/emoticons/wink.gif&quot; height=&quot;16&quot; width=&quot;16&quot; align=&quot;absmiddle&quot; alt=&quot;&quot; border=&quot;0&quot;/&gt;&lt;/p&gt;</comment>
                            <comment id="15595631" author="vihangk1" created="Fri, 21 Oct 2016 16:44:33 +0000"  >&lt;p&gt;Hi &lt;a href=&quot;https://issues.apache.org/jira/secure/ViewProfile.jspa?name=kgyrtkirk&quot; class=&quot;user-hover&quot; rel=&quot;kgyrtkirk&quot;&gt;Zoltan Haindrich&lt;/a&gt; Thanks for the patch. Seems like a good idea. But it is hard to see the actually diffs due to indentation mismatch between the patch and source. Can you please fix that? Thanks!&lt;/p&gt;</comment>
                            <comment id="15595672" author="sseth" created="Fri, 21 Oct 2016 16:56:03 +0000"  >&lt;p&gt;Thanks for taking this up &lt;a href=&quot;https://issues.apache.org/jira/secure/ViewProfile.jspa?name=kgyrtkirk&quot; class=&quot;user-hover&quot; rel=&quot;kgyrtkirk&quot;&gt;Zoltan Haindrich&lt;/a&gt;. The diff in the indentation is a result of a try catch block - can&apos;t really do much about it. Have re-submitted to ptest - lets see what the exception trace shows.&lt;/p&gt;</comment>
                            <comment id="15596188" author="hiveqa" created="Fri, 21 Oct 2016 19:59:42 +0000"  >

&lt;p&gt;Here are the results of testing the latest attachment:&lt;br/&gt;
&lt;a href=&quot;https://issues.apache.org/jira/secure/attachment/12834696/HIVE-14964.1.patch&quot; class=&quot;external-link&quot; rel=&quot;nofollow&quot;&gt;https://issues.apache.org/jira/secure/attachment/12834696/HIVE-14964.1.patch&lt;/a&gt;&lt;/p&gt;

&lt;p&gt;&lt;font color=&quot;red&quot;&gt;ERROR:&lt;/font&gt; -1 due to build exiting with an error&lt;/p&gt;

&lt;p&gt;Test results: &lt;a href=&quot;https://builds.apache.org/job/PreCommit-HIVE-Build/1734/testReport&quot; class=&quot;external-link&quot; rel=&quot;nofollow&quot;&gt;https://builds.apache.org/job/PreCommit-HIVE-Build/1734/testReport&lt;/a&gt;&lt;br/&gt;
Console output: &lt;a href=&quot;https://builds.apache.org/job/PreCommit-HIVE-Build/1734/console&quot; class=&quot;external-link&quot; rel=&quot;nofollow&quot;&gt;https://builds.apache.org/job/PreCommit-HIVE-Build/1734/console&lt;/a&gt;&lt;br/&gt;
Test logs: &lt;a href=&quot;http://104.198.109.242/logs/PreCommit-HIVE-Build-1734/&quot; class=&quot;external-link&quot; rel=&quot;nofollow&quot;&gt;http://104.198.109.242/logs/PreCommit-HIVE-Build-1734/&lt;/a&gt;&lt;/p&gt;

&lt;p&gt;Messages:&lt;/p&gt;
&lt;div class=&quot;preformatted panel&quot; style=&quot;border-width: 1px;&quot;&gt;&lt;div class=&quot;preformattedContent panelContent&quot;&gt;
&lt;pre&gt;Executing org.apache.hive.ptest.execution.TestCheckPhase
Executing org.apache.hive.ptest.execution.PrepPhase
Tests exited with: NonZeroExitCodeException
Command &apos;bash /data/hiveptest/working/scratch/source-prep.sh&apos; failed with exit status 1 and output &apos;+ date &apos;+%Y-%m-%d %T.%3N&apos;
2016-10-21 19:59:32.400
+ [[ -n /usr/lib/jvm/java-8-openjdk-amd64 ]]
+ export JAVA_HOME=/usr/lib/jvm/java-8-openjdk-amd64
+ JAVA_HOME=/usr/lib/jvm/java-8-openjdk-amd64
+ export PATH=/usr/lib/jvm/java-8-openjdk-amd64/bin/:/usr/local/bin:/usr/bin:/bin:/usr/local/games:/usr/games
+ PATH=/usr/lib/jvm/java-8-openjdk-amd64/bin/:/usr/local/bin:/usr/bin:/bin:/usr/local/games:/usr/games
+ export &apos;ANT_OPTS=-Xmx1g -XX:MaxPermSize=256m &apos;
+ ANT_OPTS=&apos;-Xmx1g -XX:MaxPermSize=256m &apos;
+ export &apos;M2_OPTS=-Xmx1g -XX:MaxPermSize=256m -Dhttp.proxyHost=localhost -Dhttp.proxyPort=3128&apos;
+ M2_OPTS=&apos;-Xmx1g -XX:MaxPermSize=256m -Dhttp.proxyHost=localhost -Dhttp.proxyPort=3128&apos;
+ cd /data/hiveptest/working/
+ tee /data/hiveptest/logs/PreCommit-HIVE-Build-1734/source-prep.txt
+ [[ false == \t\r\u\e ]]
+ mkdir -p maven ivy
+ [[ git = \s\v\n ]]
+ [[ git = \g\i\t ]]
+ [[ -z master ]]
+ [[ -d apache-github-source-source ]]
+ [[ ! -d apache-github-source-source/.git ]]
+ [[ ! -d apache-github-source-source ]]
+ date &apos;+%Y-%m-%d %T.%3N&apos;
2016-10-21 19:59:32.403
+ cd apache-github-source-source
+ git fetch origin
fatal: unable to access &apos;https://github.com/apache/hive.git/&apos;: Could not resolve host: github.com
+ exit 1
&apos;
&lt;/pre&gt;
&lt;/div&gt;&lt;/div&gt;

&lt;p&gt;This message is automatically generated.&lt;/p&gt;

&lt;p&gt;ATTACHMENT ID: 12834696 - PreCommit-HIVE-Build&lt;/p&gt;</comment>
                            <comment id="15596755" author="hiveqa" created="Sat, 22 Oct 2016 00:13:57 +0000"  >

&lt;p&gt;Here are the results of testing the latest attachment:&lt;br/&gt;
&lt;a href=&quot;https://issues.apache.org/jira/secure/attachment/12834696/HIVE-14964.1.patch&quot; class=&quot;external-link&quot; rel=&quot;nofollow&quot;&gt;https://issues.apache.org/jira/secure/attachment/12834696/HIVE-14964.1.patch&lt;/a&gt;&lt;/p&gt;

&lt;p&gt;&lt;font color=&quot;green&quot;&gt;SUCCESS:&lt;/font&gt; +1 due to 2 test(s) being added or modified.&lt;/p&gt;

&lt;p&gt;&lt;font color=&quot;red&quot;&gt;ERROR:&lt;/font&gt; -1 due to 7 failed/errored test(s), 10566 tests executed&lt;br/&gt;
&lt;b&gt;Failed tests:&lt;/b&gt;&lt;/p&gt;
&lt;div class=&quot;preformatted panel&quot; style=&quot;border-width: 1px;&quot;&gt;&lt;div class=&quot;preformattedContent panelContent&quot;&gt;
&lt;pre&gt;org.apache.hadoop.hive.cli.TestMiniLlapCliDriver.testCliDriver[orc_ppd_basic] (batchId=132)
org.apache.hadoop.hive.cli.TestMiniLlapLocalCliDriver.testCliDriver[current_date_timestamp] (batchId=144)
org.apache.hive.beeline.TestBeelineArgParsing.testAddLocalJarWithoutAddDriverClazz[0] (batchId=164)
org.apache.hive.beeline.TestBeelineArgParsing.testAddLocalJar[0] (batchId=164)
org.apache.hive.beeline.TestBeelineArgParsing.testAddLocalJar[1] (batchId=164)
org.apache.hive.beeline.TestClassNameCompleter.addingAndEmptyFile (batchId=164)
org.apache.hive.jdbc.TestJdbcWithLocalClusterSpark.org.apache.hive.jdbc.TestJdbcWithLocalClusterSpark (batchId=213)
&lt;/pre&gt;
&lt;/div&gt;&lt;/div&gt;

&lt;p&gt;Test results: &lt;a href=&quot;https://builds.apache.org/job/PreCommit-HIVE-Build/1742/testReport&quot; class=&quot;external-link&quot; rel=&quot;nofollow&quot;&gt;https://builds.apache.org/job/PreCommit-HIVE-Build/1742/testReport&lt;/a&gt;&lt;br/&gt;
Console output: &lt;a href=&quot;https://builds.apache.org/job/PreCommit-HIVE-Build/1742/console&quot; class=&quot;external-link&quot; rel=&quot;nofollow&quot;&gt;https://builds.apache.org/job/PreCommit-HIVE-Build/1742/console&lt;/a&gt;&lt;br/&gt;
Test logs: &lt;a href=&quot;http://104.198.109.242/logs/PreCommit-HIVE-Build-1742/&quot; class=&quot;external-link&quot; rel=&quot;nofollow&quot;&gt;http://104.198.109.242/logs/PreCommit-HIVE-Build-1742/&lt;/a&gt;&lt;/p&gt;

&lt;p&gt;Messages:&lt;/p&gt;
&lt;div class=&quot;preformatted panel&quot; style=&quot;border-width: 1px;&quot;&gt;&lt;div class=&quot;preformattedContent panelContent&quot;&gt;
&lt;pre&gt;Executing org.apache.hive.ptest.execution.TestCheckPhase
Executing org.apache.hive.ptest.execution.PrepPhase
Executing org.apache.hive.ptest.execution.ExecutionPhase
Executing org.apache.hive.ptest.execution.ReportingPhase
Tests exited with: TestsFailedException: 7 tests failed
&lt;/pre&gt;
&lt;/div&gt;&lt;/div&gt;

&lt;p&gt;This message is automatically generated.&lt;/p&gt;

&lt;p&gt;ATTACHMENT ID: 12834696 - PreCommit-HIVE-Build&lt;/p&gt;</comment>
                            <comment id="15604016" author="hiveqa" created="Tue, 25 Oct 2016 03:13:30 +0000"  >

&lt;p&gt;Here are the results of testing the latest attachment:&lt;br/&gt;
&lt;a href=&quot;https://issues.apache.org/jira/secure/attachment/12834696/HIVE-14964.1.patch&quot; class=&quot;external-link&quot; rel=&quot;nofollow&quot;&gt;https://issues.apache.org/jira/secure/attachment/12834696/HIVE-14964.1.patch&lt;/a&gt;&lt;/p&gt;

&lt;p&gt;&lt;font color=&quot;green&quot;&gt;SUCCESS:&lt;/font&gt; +1 due to 2 test(s) being added or modified.&lt;/p&gt;

&lt;p&gt;&lt;font color=&quot;red&quot;&gt;ERROR:&lt;/font&gt; -1 due to 4 failed/errored test(s), 10593 tests executed&lt;br/&gt;
&lt;b&gt;Failed tests:&lt;/b&gt;&lt;/p&gt;
&lt;div class=&quot;preformatted panel&quot; style=&quot;border-width: 1px;&quot;&gt;&lt;div class=&quot;preformattedContent panelContent&quot;&gt;
&lt;pre&gt;org.apache.hadoop.hive.cli.TestHBaseCliDriver.testCliDriver[hbase_bulk] (batchId=89)
org.apache.hive.beeline.TestBeelineArgParsing.testAddLocalJarWithoutAddDriverClazz[0] (batchId=164)
org.apache.hive.beeline.TestBeelineArgParsing.testAddLocalJar[0] (batchId=164)
org.apache.hive.beeline.TestBeelineArgParsing.testAddLocalJar[1] (batchId=164)
&lt;/pre&gt;
&lt;/div&gt;&lt;/div&gt;

&lt;p&gt;Test results: &lt;a href=&quot;https://builds.apache.org/job/PreCommit-HIVE-Build/1776/testReport&quot; class=&quot;external-link&quot; rel=&quot;nofollow&quot;&gt;https://builds.apache.org/job/PreCommit-HIVE-Build/1776/testReport&lt;/a&gt;&lt;br/&gt;
Console output: &lt;a href=&quot;https://builds.apache.org/job/PreCommit-HIVE-Build/1776/console&quot; class=&quot;external-link&quot; rel=&quot;nofollow&quot;&gt;https://builds.apache.org/job/PreCommit-HIVE-Build/1776/console&lt;/a&gt;&lt;br/&gt;
Test logs: &lt;a href=&quot;http://104.198.109.242/logs/PreCommit-HIVE-Build-1776/&quot; class=&quot;external-link&quot; rel=&quot;nofollow&quot;&gt;http://104.198.109.242/logs/PreCommit-HIVE-Build-1776/&lt;/a&gt;&lt;/p&gt;

&lt;p&gt;Messages:&lt;/p&gt;
&lt;div class=&quot;preformatted panel&quot; style=&quot;border-width: 1px;&quot;&gt;&lt;div class=&quot;preformattedContent panelContent&quot;&gt;
&lt;pre&gt;Executing org.apache.hive.ptest.execution.TestCheckPhase
Executing org.apache.hive.ptest.execution.PrepPhase
Executing org.apache.hive.ptest.execution.ExecutionPhase
Executing org.apache.hive.ptest.execution.ReportingPhase
Tests exited with: TestsFailedException: 4 tests failed
&lt;/pre&gt;
&lt;/div&gt;&lt;/div&gt;

&lt;p&gt;This message is automatically generated.&lt;/p&gt;

&lt;p&gt;ATTACHMENT ID: 12834696 - PreCommit-HIVE-Build&lt;/p&gt;</comment>
                            <comment id="15605521" author="kgyrtkirk" created="Tue, 25 Oct 2016 14:52:52 +0000"  >&lt;p&gt;i&apos;ve attached a patch which includes a small fix for the problem...by it avoids &quot;scanning&quot; files which doesnt look like a jar file....&lt;/p&gt;

&lt;p&gt;i will look after this...but this whole jar scanning thing seems a bit out-of-place...plus I think jdbc drivers should ship with an auto-loading enabled drivers:&lt;/p&gt;

&lt;p&gt;&lt;a href=&quot;http://www.onjava.com/2006/08/02/jjdbc-4-enhancements-in-java-se-6.html&quot; class=&quot;external-link&quot; rel=&quot;nofollow&quot;&gt;http://www.onjava.com/2006/08/02/jjdbc-4-enhancements-in-java-se-6.html&lt;/a&gt;&lt;br/&gt;
Auto-Loading of JDBC Driver&lt;/p&gt;

&lt;p&gt;i will open a followup ticket to possibly address these issues...&lt;a href=&quot;https://issues.apache.org/jira/browse/HIVE-15053&quot; title=&quot;Beeline#addlocaldriver - reduce classpath scanning&quot; class=&quot;issue-link&quot; data-issue-key=&quot;HIVE-15053&quot;&gt;HIVE-15053&lt;/a&gt;&lt;/p&gt;</comment>
                            <comment id="15606300" author="hiveqa" created="Tue, 25 Oct 2016 19:57:36 +0000"  >

&lt;p&gt;Here are the results of testing the latest attachment:&lt;br/&gt;
&lt;a href=&quot;https://issues.apache.org/jira/secure/attachment/12835140/HIVE-14964.2.patch&quot; class=&quot;external-link&quot; rel=&quot;nofollow&quot;&gt;https://issues.apache.org/jira/secure/attachment/12835140/HIVE-14964.2.patch&lt;/a&gt;&lt;/p&gt;

&lt;p&gt;&lt;font color=&quot;green&quot;&gt;SUCCESS:&lt;/font&gt; +1 due to 2 test(s) being added or modified.&lt;/p&gt;

&lt;p&gt;&lt;font color=&quot;red&quot;&gt;ERROR:&lt;/font&gt; -1 due to 1 failed/errored test(s), 10579 tests executed&lt;br/&gt;
&lt;b&gt;Failed tests:&lt;/b&gt;&lt;/p&gt;
&lt;div class=&quot;preformatted panel&quot; style=&quot;border-width: 1px;&quot;&gt;&lt;div class=&quot;preformattedContent panelContent&quot;&gt;
&lt;pre&gt;TestCliDriver - did not produce a TEST-*.xml file (likely timed out) (batchId=15)
	[skewjoin_noskew.q,udaf_number_format.q,union35.q,udf_concat_insert2.q,bucketmapjoin9.q,udf_greatest.q,authorization_show_grant.q,ctas_varchar.q,index_serde.q,cbo_rp_udf_udaf_stats_opt.q,char_union1.q,ct_case_insensitive.q,describe_table_json.q,sample4.q,union18.q,join_cond_pushdown_unqual2.q,limit_pushdown2.q,gby_star.q,exchange_partition.q,leftsemijoin_mr.q,merge_dynamic_partition2.q,parquet_ppd_date.q,partition_schema1.q,load_overwrite.q,input_part7.q,ptf.q,udf_xpath_float.q,vectorized_nested_mapjoin.q,multi_insert_gby.q,complex_alias.q]
&lt;/pre&gt;
&lt;/div&gt;&lt;/div&gt;

&lt;p&gt;Test results: &lt;a href=&quot;https://builds.apache.org/job/PreCommit-HIVE-Build/1790/testReport&quot; class=&quot;external-link&quot; rel=&quot;nofollow&quot;&gt;https://builds.apache.org/job/PreCommit-HIVE-Build/1790/testReport&lt;/a&gt;&lt;br/&gt;
Console output: &lt;a href=&quot;https://builds.apache.org/job/PreCommit-HIVE-Build/1790/console&quot; class=&quot;external-link&quot; rel=&quot;nofollow&quot;&gt;https://builds.apache.org/job/PreCommit-HIVE-Build/1790/console&lt;/a&gt;&lt;br/&gt;
Test logs: &lt;a href=&quot;http://104.198.109.242/logs/PreCommit-HIVE-Build-1790/&quot; class=&quot;external-link&quot; rel=&quot;nofollow&quot;&gt;http://104.198.109.242/logs/PreCommit-HIVE-Build-1790/&lt;/a&gt;&lt;/p&gt;

&lt;p&gt;Messages:&lt;/p&gt;
&lt;div class=&quot;preformatted panel&quot; style=&quot;border-width: 1px;&quot;&gt;&lt;div class=&quot;preformattedContent panelContent&quot;&gt;
&lt;pre&gt;Executing org.apache.hive.ptest.execution.TestCheckPhase
Executing org.apache.hive.ptest.execution.PrepPhase
Executing org.apache.hive.ptest.execution.ExecutionPhase
Executing org.apache.hive.ptest.execution.ReportingPhase
Tests exited with: TestsFailedException: 1 tests failed
&lt;/pre&gt;
&lt;/div&gt;&lt;/div&gt;

&lt;p&gt;This message is automatically generated.&lt;/p&gt;

&lt;p&gt;ATTACHMENT ID: 12835140 - PreCommit-HIVE-Build&lt;/p&gt;</comment>
                            <comment id="15606686" author="hiveqa" created="Tue, 25 Oct 2016 22:37:51 +0000"  >

&lt;p&gt;Here are the results of testing the latest attachment:&lt;br/&gt;
&lt;a href=&quot;https://issues.apache.org/jira/secure/attachment/12835140/HIVE-14964.2.patch&quot; class=&quot;external-link&quot; rel=&quot;nofollow&quot;&gt;https://issues.apache.org/jira/secure/attachment/12835140/HIVE-14964.2.patch&lt;/a&gt;&lt;/p&gt;

&lt;p&gt;&lt;font color=&quot;green&quot;&gt;SUCCESS:&lt;/font&gt; +1 due to 2 test(s) being added or modified.&lt;/p&gt;

&lt;p&gt;&lt;font color=&quot;red&quot;&gt;ERROR:&lt;/font&gt; -1 due to 1 failed/errored test(s), 10600 tests executed&lt;br/&gt;
&lt;b&gt;Failed tests:&lt;/b&gt;&lt;/p&gt;
&lt;div class=&quot;preformatted panel&quot; style=&quot;border-width: 1px;&quot;&gt;&lt;div class=&quot;preformattedContent panelContent&quot;&gt;
&lt;pre&gt;TestWebHCatE2e - did not produce a TEST-*.xml file (likely timed out) (batchId=167)
&lt;/pre&gt;
&lt;/div&gt;&lt;/div&gt;

&lt;p&gt;Test results: &lt;a href=&quot;https://builds.apache.org/job/PreCommit-HIVE-Build/1794/testReport&quot; class=&quot;external-link&quot; rel=&quot;nofollow&quot;&gt;https://builds.apache.org/job/PreCommit-HIVE-Build/1794/testReport&lt;/a&gt;&lt;br/&gt;
Console output: &lt;a href=&quot;https://builds.apache.org/job/PreCommit-HIVE-Build/1794/console&quot; class=&quot;external-link&quot; rel=&quot;nofollow&quot;&gt;https://builds.apache.org/job/PreCommit-HIVE-Build/1794/console&lt;/a&gt;&lt;br/&gt;
Test logs: &lt;a href=&quot;http://104.198.109.242/logs/PreCommit-HIVE-Build-1794/&quot; class=&quot;external-link&quot; rel=&quot;nofollow&quot;&gt;http://104.198.109.242/logs/PreCommit-HIVE-Build-1794/&lt;/a&gt;&lt;/p&gt;

&lt;p&gt;Messages:&lt;/p&gt;
&lt;div class=&quot;preformatted panel&quot; style=&quot;border-width: 1px;&quot;&gt;&lt;div class=&quot;preformattedContent panelContent&quot;&gt;
&lt;pre&gt;Executing org.apache.hive.ptest.execution.TestCheckPhase
Executing org.apache.hive.ptest.execution.PrepPhase
Executing org.apache.hive.ptest.execution.ExecutionPhase
Executing org.apache.hive.ptest.execution.ReportingPhase
Tests exited with: TestsFailedException: 1 tests failed
&lt;/pre&gt;
&lt;/div&gt;&lt;/div&gt;

&lt;p&gt;This message is automatically generated.&lt;/p&gt;

&lt;p&gt;ATTACHMENT ID: 12835140 - PreCommit-HIVE-Build&lt;/p&gt;</comment>
                            <comment id="15607586" author="kgyrtkirk" created="Wed, 26 Oct 2016 06:22:16 +0000"  >&lt;p&gt;&lt;a href=&quot;https://issues.apache.org/jira/secure/ViewProfile.jspa?name=sseth&quot; class=&quot;user-hover&quot; rel=&quot;sseth&quot;&gt;Siddharth Seth&lt;/a&gt; can we get this in?&lt;br/&gt;
and possibly remove this whole classpath visiting with &lt;a href=&quot;https://issues.apache.org/jira/browse/HIVE-15053&quot; title=&quot;Beeline#addlocaldriver - reduce classpath scanning&quot; class=&quot;issue-link&quot; data-issue-key=&quot;HIVE-15053&quot;&gt;HIVE-15053&lt;/a&gt;&lt;/p&gt;</comment>
                            <comment id="15607865" author="hiveqa" created="Wed, 26 Oct 2016 08:39:58 +0000"  >

&lt;p&gt;Here are the results of testing the latest attachment:&lt;br/&gt;
&lt;a href=&quot;https://issues.apache.org/jira/secure/attachment/12835140/HIVE-14964.2.patch&quot; class=&quot;external-link&quot; rel=&quot;nofollow&quot;&gt;https://issues.apache.org/jira/secure/attachment/12835140/HIVE-14964.2.patch&lt;/a&gt;&lt;/p&gt;

&lt;p&gt;&lt;font color=&quot;green&quot;&gt;SUCCESS:&lt;/font&gt; +1 due to 2 test(s) being added or modified.&lt;/p&gt;

&lt;p&gt;&lt;font color=&quot;red&quot;&gt;ERROR:&lt;/font&gt; -1 due to 1 failed/errored test(s), 10619 tests executed&lt;br/&gt;
&lt;b&gt;Failed tests:&lt;/b&gt;&lt;/p&gt;
&lt;div class=&quot;preformatted panel&quot; style=&quot;border-width: 1px;&quot;&gt;&lt;div class=&quot;preformattedContent panelContent&quot;&gt;
&lt;pre&gt;org.apache.hadoop.hive.cli.TestSparkNegativeCliDriver.org.apache.hadoop.hive.cli.TestSparkNegativeCliDriver (batchId=226)
&lt;/pre&gt;
&lt;/div&gt;&lt;/div&gt;

&lt;p&gt;Test results: &lt;a href=&quot;https://builds.apache.org/job/PreCommit-HIVE-Build/1813/testReport&quot; class=&quot;external-link&quot; rel=&quot;nofollow&quot;&gt;https://builds.apache.org/job/PreCommit-HIVE-Build/1813/testReport&lt;/a&gt;&lt;br/&gt;
Console output: &lt;a href=&quot;https://builds.apache.org/job/PreCommit-HIVE-Build/1813/console&quot; class=&quot;external-link&quot; rel=&quot;nofollow&quot;&gt;https://builds.apache.org/job/PreCommit-HIVE-Build/1813/console&lt;/a&gt;&lt;br/&gt;
Test logs: &lt;a href=&quot;http://104.198.109.242/logs/PreCommit-HIVE-Build-1813/&quot; class=&quot;external-link&quot; rel=&quot;nofollow&quot;&gt;http://104.198.109.242/logs/PreCommit-HIVE-Build-1813/&lt;/a&gt;&lt;/p&gt;

&lt;p&gt;Messages:&lt;/p&gt;
&lt;div class=&quot;preformatted panel&quot; style=&quot;border-width: 1px;&quot;&gt;&lt;div class=&quot;preformattedContent panelContent&quot;&gt;
&lt;pre&gt;Executing org.apache.hive.ptest.execution.TestCheckPhase
Executing org.apache.hive.ptest.execution.PrepPhase
Executing org.apache.hive.ptest.execution.ExecutionPhase
Executing org.apache.hive.ptest.execution.ReportingPhase
Tests exited with: TestsFailedException: 1 tests failed
&lt;/pre&gt;
&lt;/div&gt;&lt;/div&gt;

&lt;p&gt;This message is automatically generated.&lt;/p&gt;

&lt;p&gt;ATTACHMENT ID: 12835140 - PreCommit-HIVE-Build&lt;/p&gt;</comment>
                            <comment id="15608202" author="hiveqa" created="Wed, 26 Oct 2016 11:37:09 +0000"  >

&lt;p&gt;Here are the results of testing the latest attachment:&lt;br/&gt;
&lt;a href=&quot;https://issues.apache.org/jira/secure/attachment/12835140/HIVE-14964.2.patch&quot; class=&quot;external-link&quot; rel=&quot;nofollow&quot;&gt;https://issues.apache.org/jira/secure/attachment/12835140/HIVE-14964.2.patch&lt;/a&gt;&lt;/p&gt;

&lt;p&gt;&lt;font color=&quot;green&quot;&gt;SUCCESS:&lt;/font&gt; +1 due to 2 test(s) being added or modified.&lt;/p&gt;

&lt;p&gt;&lt;font color=&quot;red&quot;&gt;ERROR:&lt;/font&gt; -1 due to 2 failed/errored test(s), 10623 tests executed&lt;br/&gt;
&lt;b&gt;Failed tests:&lt;/b&gt;&lt;/p&gt;
&lt;div class=&quot;preformatted panel&quot; style=&quot;border-width: 1px;&quot;&gt;&lt;div class=&quot;preformattedContent panelContent&quot;&gt;
&lt;pre&gt;org.apache.hive.hcatalog.pig.TestHCatLoaderComplexSchema.testSyntheticComplexSchema[5] (batchId=170)
org.apache.hive.hcatalog.pig.TestTextFileHCatStorer.testWriteTimestamp (batchId=170)
&lt;/pre&gt;
&lt;/div&gt;&lt;/div&gt;

&lt;p&gt;Test results: &lt;a href=&quot;https://builds.apache.org/job/PreCommit-HIVE-Build/1817/testReport&quot; class=&quot;external-link&quot; rel=&quot;nofollow&quot;&gt;https://builds.apache.org/job/PreCommit-HIVE-Build/1817/testReport&lt;/a&gt;&lt;br/&gt;
Console output: &lt;a href=&quot;https://builds.apache.org/job/PreCommit-HIVE-Build/1817/console&quot; class=&quot;external-link&quot; rel=&quot;nofollow&quot;&gt;https://builds.apache.org/job/PreCommit-HIVE-Build/1817/console&lt;/a&gt;&lt;br/&gt;
Test logs: &lt;a href=&quot;http://104.198.109.242/logs/PreCommit-HIVE-Build-1817/&quot; class=&quot;external-link&quot; rel=&quot;nofollow&quot;&gt;http://104.198.109.242/logs/PreCommit-HIVE-Build-1817/&lt;/a&gt;&lt;/p&gt;

&lt;p&gt;Messages:&lt;/p&gt;
&lt;div class=&quot;preformatted panel&quot; style=&quot;border-width: 1px;&quot;&gt;&lt;div class=&quot;preformattedContent panelContent&quot;&gt;
&lt;pre&gt;Executing org.apache.hive.ptest.execution.TestCheckPhase
Executing org.apache.hive.ptest.execution.PrepPhase
Executing org.apache.hive.ptest.execution.ExecutionPhase
Executing org.apache.hive.ptest.execution.ReportingPhase
Tests exited with: TestsFailedException: 2 tests failed
&lt;/pre&gt;
&lt;/div&gt;&lt;/div&gt;

&lt;p&gt;This message is automatically generated.&lt;/p&gt;

&lt;p&gt;ATTACHMENT ID: 12835140 - PreCommit-HIVE-Build&lt;/p&gt;</comment>
                            <comment id="15608629" author="ferd" created="Wed, 26 Oct 2016 14:33:32 +0000"  >&lt;p&gt;LGTM +1&lt;/p&gt;</comment>
                            <comment id="15609231" author="sseth" created="Wed, 26 Oct 2016 18:15:16 +0000"  >&lt;p&gt;I&apos;m +1 for the patch as well, and the follow up jira to fix this properly - what&apos;s being done today seems really strange.&lt;br/&gt;
Have submitted this multiple times to jenkins, and it&apos;s always got back with some failure. Has anyone looked into why these tests have failed - are they flaky (very likely - changing hardware causes random hive tests to fail, someone sneezing apparently causes new test failures as well), or a result of this change? Was waiting for that before committing.&lt;/p&gt;</comment>
                            <comment id="15609380" author="kgyrtkirk" created="Wed, 26 Oct 2016 19:13:24 +0000"  >&lt;p&gt;I&apos;ve also seen these various results &lt;img class=&quot;emoticon&quot; src=&quot;https://issues.apache.org/jira/images/icons/emoticons/wink.gif&quot; height=&quot;16&quot; width=&quot;16&quot; align=&quot;absmiddle&quot; alt=&quot;&quot; border=&quot;0&quot;/&gt; &lt;/p&gt;

&lt;p&gt;I don&apos;t know if the test batches are stable(always the same for the same input) or random/heuristic(changes from execution to execution dynamically)?&lt;/p&gt;

&lt;p&gt;i&apos;ve seen a few cases where an earlier test have caused a later one to fail...these are sometimes just leftover tables...&lt;br/&gt;
But there are some tests which sometimes do very wierd things at the jvm level...(like clearing all System.env variables) - this may make the whole jvm from that point on pretty hard to be reuseable to execute other tests (in case surefire is configured to do so - I don&apos;t know what&apos;s the current setting of surefire/jvm forking in precommit tests, this only applies if the jvm is reused)&lt;/p&gt;

&lt;p&gt;Particulary this jar loader have replaced the classloader - and added a few extra classes - if there are some library clashes because of this; that may wreck havock in some other test (again only if it executes inside the same jvm)&lt;/p&gt;

&lt;p&gt;I will look into these in the next few days...&lt;/p&gt;</comment>
                            <comment id="15609541" author="hiveqa" created="Wed, 26 Oct 2016 20:14:30 +0000"  >

&lt;p&gt;Here are the results of testing the latest attachment:&lt;br/&gt;
&lt;a href=&quot;https://issues.apache.org/jira/secure/attachment/12835140/HIVE-14964.2.patch&quot; class=&quot;external-link&quot; rel=&quot;nofollow&quot;&gt;https://issues.apache.org/jira/secure/attachment/12835140/HIVE-14964.2.patch&lt;/a&gt;&lt;/p&gt;

&lt;p&gt;&lt;font color=&quot;green&quot;&gt;SUCCESS:&lt;/font&gt; +1 due to 2 test(s) being added or modified.&lt;/p&gt;

&lt;p&gt;&lt;font color=&quot;red&quot;&gt;ERROR:&lt;/font&gt; -1 due to 1 failed/errored test(s), 10623 tests executed&lt;br/&gt;
&lt;b&gt;Failed tests:&lt;/b&gt;&lt;/p&gt;
&lt;div class=&quot;preformatted panel&quot; style=&quot;border-width: 1px;&quot;&gt;&lt;div class=&quot;preformattedContent panelContent&quot;&gt;
&lt;pre&gt;org.apache.hive.hcatalog.pig.TestHCatLoaderComplexSchema.testSyntheticComplexSchema[3] (batchId=170)
&lt;/pre&gt;
&lt;/div&gt;&lt;/div&gt;

&lt;p&gt;Test results: &lt;a href=&quot;https://builds.apache.org/job/PreCommit-HIVE-Build/1826/testReport&quot; class=&quot;external-link&quot; rel=&quot;nofollow&quot;&gt;https://builds.apache.org/job/PreCommit-HIVE-Build/1826/testReport&lt;/a&gt;&lt;br/&gt;
Console output: &lt;a href=&quot;https://builds.apache.org/job/PreCommit-HIVE-Build/1826/console&quot; class=&quot;external-link&quot; rel=&quot;nofollow&quot;&gt;https://builds.apache.org/job/PreCommit-HIVE-Build/1826/console&lt;/a&gt;&lt;br/&gt;
Test logs: &lt;a href=&quot;http://104.198.109.242/logs/PreCommit-HIVE-Build-1826/&quot; class=&quot;external-link&quot; rel=&quot;nofollow&quot;&gt;http://104.198.109.242/logs/PreCommit-HIVE-Build-1826/&lt;/a&gt;&lt;/p&gt;

&lt;p&gt;Messages:&lt;/p&gt;
&lt;div class=&quot;preformatted panel&quot; style=&quot;border-width: 1px;&quot;&gt;&lt;div class=&quot;preformattedContent panelContent&quot;&gt;
&lt;pre&gt;Executing org.apache.hive.ptest.execution.TestCheckPhase
Executing org.apache.hive.ptest.execution.PrepPhase
Executing org.apache.hive.ptest.execution.ExecutionPhase
Executing org.apache.hive.ptest.execution.ReportingPhase
Tests exited with: TestsFailedException: 1 tests failed
&lt;/pre&gt;
&lt;/div&gt;&lt;/div&gt;

&lt;p&gt;This message is automatically generated.&lt;/p&gt;

&lt;p&gt;ATTACHMENT ID: 12835140 - PreCommit-HIVE-Build&lt;/p&gt;</comment>
                            <comment id="15609620" author="sseth" created="Wed, 26 Oct 2016 20:46:22 +0000"  >&lt;p&gt;Test batches can change across runs. e.g. A new test being added can completely change batches. It&apos;s a simple find test, group to target number, next batch.&lt;br/&gt;
For Unit test batches - new JVMs are supposed to be launched for each class. There would be way more failures if JVMs were re-used across test classes.&lt;br/&gt;
For qtest batches - the same JVM is used.&lt;/p&gt;

&lt;p&gt;Specific Test classes, and q files can be excluded from batching if required. Let me know if you know of some which should be excluded.&lt;br/&gt;
For the tests doing strange things - could you please open jiras for them as and when you come across them.&lt;/p&gt;

&lt;p&gt;For whatever reason, this patch seems to be surfacing new failures. Should look at at least some of the failures, and figure out whether they are related.&lt;/p&gt;

&lt;p&gt;For the latest test run (1826) - the error report should have included all the tests in the batch. Will need to look at why that&apos;s not the case.&lt;/p&gt;</comment>
                            <comment id="15609661" author="kgyrtkirk" created="Wed, 26 Oct 2016 21:02:35 +0000"  >&lt;p&gt;Great to know about these, thanks for explaining!&lt;/p&gt;

&lt;p&gt;I wanted to open jira about those cases..but I&apos;ve forgot...i&apos;ll start opening them when I see them&lt;/p&gt;

&lt;p&gt;This is strange...&lt;tt&gt;TestHCatLoaderComplexSchema&lt;/tt&gt; is in a completly different subproject...this change may wreck havoc inside the beeline project; but I can&apos;t come up with any reasonable explanation how it could accomplish a failure in hcatalog &lt;img class=&quot;emoticon&quot; src=&quot;https://issues.apache.org/jira/images/icons/emoticons/wink.gif&quot; height=&quot;16&quot; width=&quot;16&quot; align=&quot;absmiddle&quot; alt=&quot;&quot; border=&quot;0&quot;/&gt;&lt;/p&gt;

&lt;p&gt;I think I will open a dummy jira...in which I will mark as ignored all existing flaky tests...&lt;/p&gt;</comment>
                            <comment id="15610520" author="hiveqa" created="Thu, 27 Oct 2016 03:29:41 +0000"  >

&lt;p&gt;Here are the results of testing the latest attachment:&lt;br/&gt;
&lt;a href=&quot;https://issues.apache.org/jira/secure/attachment/12835140/HIVE-14964.2.patch&quot; class=&quot;external-link&quot; rel=&quot;nofollow&quot;&gt;https://issues.apache.org/jira/secure/attachment/12835140/HIVE-14964.2.patch&lt;/a&gt;&lt;/p&gt;

&lt;p&gt;&lt;font color=&quot;green&quot;&gt;SUCCESS:&lt;/font&gt; +1 due to 2 test(s) being added or modified.&lt;/p&gt;

&lt;p&gt;&lt;font color=&quot;red&quot;&gt;ERROR:&lt;/font&gt; -1 due to 1 failed/errored test(s), 10623 tests executed&lt;br/&gt;
&lt;b&gt;Failed tests:&lt;/b&gt;&lt;/p&gt;
&lt;div class=&quot;preformatted panel&quot; style=&quot;border-width: 1px;&quot;&gt;&lt;div class=&quot;preformattedContent panelContent&quot;&gt;
&lt;pre&gt;org.apache.hive.spark.client.TestSparkClient.testJobSubmission (batchId=272)
&lt;/pre&gt;
&lt;/div&gt;&lt;/div&gt;

&lt;p&gt;Test results: &lt;a href=&quot;https://builds.apache.org/job/PreCommit-HIVE-Build/1836/testReport&quot; class=&quot;external-link&quot; rel=&quot;nofollow&quot;&gt;https://builds.apache.org/job/PreCommit-HIVE-Build/1836/testReport&lt;/a&gt;&lt;br/&gt;
Console output: &lt;a href=&quot;https://builds.apache.org/job/PreCommit-HIVE-Build/1836/console&quot; class=&quot;external-link&quot; rel=&quot;nofollow&quot;&gt;https://builds.apache.org/job/PreCommit-HIVE-Build/1836/console&lt;/a&gt;&lt;br/&gt;
Test logs: &lt;a href=&quot;http://104.198.109.242/logs/PreCommit-HIVE-Build-1836/&quot; class=&quot;external-link&quot; rel=&quot;nofollow&quot;&gt;http://104.198.109.242/logs/PreCommit-HIVE-Build-1836/&lt;/a&gt;&lt;/p&gt;

&lt;p&gt;Messages:&lt;/p&gt;
&lt;div class=&quot;preformatted panel&quot; style=&quot;border-width: 1px;&quot;&gt;&lt;div class=&quot;preformattedContent panelContent&quot;&gt;
&lt;pre&gt;Executing org.apache.hive.ptest.execution.TestCheckPhase
Executing org.apache.hive.ptest.execution.PrepPhase
Executing org.apache.hive.ptest.execution.ExecutionPhase
Executing org.apache.hive.ptest.execution.ReportingPhase
Tests exited with: TestsFailedException: 1 tests failed
&lt;/pre&gt;
&lt;/div&gt;&lt;/div&gt;

&lt;p&gt;This message is automatically generated.&lt;/p&gt;

&lt;p&gt;ATTACHMENT ID: 12835140 - PreCommit-HIVE-Build&lt;/p&gt;</comment>
                            <comment id="15610541" author="ferd" created="Thu, 27 Oct 2016 03:39:04 +0000"  >&lt;p&gt;Pushed to the master. Thanks &lt;a href=&quot;https://issues.apache.org/jira/secure/ViewProfile.jspa?name=kgyrtkirk&quot; class=&quot;user-hover&quot; rel=&quot;kgyrtkirk&quot;&gt;Zoltan Haindrich&lt;/a&gt; for the contributions and &lt;a href=&quot;https://issues.apache.org/jira/secure/ViewProfile.jspa?name=sseth&quot; class=&quot;user-hover&quot; rel=&quot;sseth&quot;&gt;Siddharth Seth&lt;/a&gt; for the reviews.&lt;/p&gt;</comment>
                            <comment id="15613193" author="sseth" created="Thu, 27 Oct 2016 20:58:48 +0000"  >&lt;p&gt;Moving out from the active flaky test umbrella.&lt;/p&gt;</comment>
                            <comment id="15642486" author="vgumashta" created="Sun, 6 Nov 2016 22:03:59 +0000"  >&lt;p&gt;Backporting to branch-1 and branch-1.2 as these tests fail there as well.&lt;/p&gt;</comment>
                    </comments>
                <issuelinks>
                            <issuelinktype id="10032">
                    <name>Blocker</name>
                                            <outwardlinks description="blocks">
                                        <issuelink>
            <issuekey id="13015099">HIVE-15053</issuekey>
        </issuelink>
                            </outwardlinks>
                                                        </issuelinktype>
                            <issuelinktype id="12310000">
                    <name>Duplicate</name>
                                                                <inwardlinks description="is duplicated by">
                                        <issuelink>
            <issuekey id="13018296">HIVE-15133</issuekey>
        </issuelink>
            <issuelink>
            <issuekey id="13012530">HIVE-14975</issuekey>
        </issuelink>
                            </inwardlinks>
                                    </issuelinktype>
                            <issuelinktype id="10030">
                    <name>Reference</name>
                                                                <inwardlinks description="is related to">
                                        <issuelink>
            <issuekey id="13015099">HIVE-15053</issuekey>
        </issuelink>
                            </inwardlinks>
                                    </issuelinktype>
                    </issuelinks>
                <attachments>
                            <attachment id="12834696" name="HIVE-14964.1.patch" size="5346" author="kgyrtkirk" created="Fri, 21 Oct 2016 15:16:38 +0000"/>
                            <attachment id="12835140" name="HIVE-14964.2.patch" size="6288" author="kgyrtkirk" created="Tue, 25 Oct 2016 14:52:52 +0000"/>
                    </attachments>
                <subtasks>
                    </subtasks>
                <customfields>
                                                <customfield id="customfield_12310310" key="com.atlassian.jira.toolkit:attachments">
                        <customfieldname>Attachment count</customfieldname>
                        <customfieldvalues>
                            <customfieldvalue>2.0</customfieldvalue>
                        </customfieldvalues>
                    </customfield>
                                                                                                                                                                                                                                                                                                                                                                                                                                                                                                                                <customfield id="customfield_12310220" key="com.atlassian.jira.ext.charting:firstresponsedate">
                        <customfieldname>Date of First Response</customfieldname>
                        <customfieldvalues>
                            <customfieldvalue>Fri, 14 Oct 2016 18:56:58 +0000</customfieldvalue>

                        </customfieldvalues>
                    </customfield>
                                                                                                                                                                                                                                                                                                                                                                                                                                            <customfield id="customfield_12310420" key="com.pyxis.greenhopper.jira:gh-global-rank">
                        <customfieldname>Global Rank</customfieldname>
                        <customfieldvalues>
                            <customfieldvalue>9223372036854775807</customfieldvalue>
                        </customfieldvalues>
                    </customfield>
                                                                                                                                                    <customfield id="customfield_12312521" key="com.atlassian.jira.toolkit:LastCommentDate">
                        <customfieldname>Last public comment date</customfieldname>
                        <customfieldvalues>
                            3 weeks, 4 days ago
                        </customfieldvalues>
                    </customfield>
                                                                                            <customfield id="customfield_12311820" key="com.pyxis.greenhopper.jira:gh-lexo-rank">
                        <customfieldname>Rank</customfieldname>
                        <customfieldvalues>
                            <customfieldvalue>0|i34wp3:</customfieldvalue>

                        </customfieldvalues>
                    </customfield>
                                                                <customfield id="customfield_12310920" key="com.pyxis.greenhopper.jira:gh-global-rank">
                        <customfieldname>Rank (Obsolete)</customfieldname>
                        <customfieldvalues>
                            <customfieldvalue>9223372036854775807</customfieldvalue>
                        </customfieldvalues>
                    </customfield>
                                                                                                                                                                                                                                                                                                                            <customfield id="customfield_12310222" key="com.atlassian.jira.ext.charting:timeinstatus">
                        <customfieldname>Time in Status</customfieldname>
                        <customfieldvalues>
                            
                        </customfieldvalues>
                    </customfield>
                                                                                                                        </customfields>
    </item>
</channel>
</rss>