<!-- 
RSS generated by JIRA (7.2.3#72005-sha1:73be91d2b96fc29303a7eb6820acf420e5d0ed65) at Tue Dec 06 18:19:29 EST 2016

It is possible to restrict the fields that are returned in this document by specifying the 'field' parameter in your request.
For example, to request only the issue key and summary add field=key&field=summary to the URL of your request.
For example:
https://issues.jboss.org/si/jira.issueviews:issue-xml/SWARM-256/SWARM-256.xml?field=key&amp;field=summary
-->
<rss version="0.92" >
<channel>
    <title>JBoss Issue Tracker</title>
    <link>https://issues.jboss.org</link>
    <description>This file is an XML representation of an issue</description>
    <language>en-us</language>    <build-info>
        <version>7.2.3</version>
        <build-number>72005</build-number>
        <build-date>06-10-2016</build-date>
    </build-info>

<item>
            <title>[SWARM-256] Build fails on windows </title>
                <link>https://issues.jboss.org/browse/SWARM-256</link>
                <project id="12317020" key="SWARM">WildFly Swarm</project>
                    <description>&lt;p&gt;-------------------------------------------------------&lt;br/&gt;
 T E S T S&lt;br/&gt;
-------------------------------------------------------&lt;br/&gt;
Running org.wildfly.swarm.bootstrap.util.LayoutTest&lt;br/&gt;
null&lt;br/&gt;
Tests run: 4, Failures: 0, Errors: 0, Skipped: 0, Time elapsed: 3.018 sec - in o                                                                                                                                                 rg.wildfly.swarm.bootstrap.util.LayoutTest&lt;br/&gt;
Running org.wildfly.swarm.bootstrap.util.MavenArtifactDescriptorTest&lt;br/&gt;
Tests run: 9, Failures: 0, Errors: 0, Skipped: 0, Time elapsed: 0.012 sec - in o                                                                                                                                                 rg.wildfly.swarm.bootstrap.util.MavenArtifactDescriptorTest&lt;br/&gt;
Running org.wildfly.swarm.bootstrap.util.WildFlySwarmApplicationConfTest&lt;br/&gt;
Tests run: 1, Failures: 1, Errors: 0, Skipped: 0, Time elapsed: 0.039 sec &amp;lt;&amp;lt;&amp;lt; FA                                                                                                                                                 ILURE! - in org.wildfly.swarm.bootstrap.util.WildFlySwarmApplicationConfTest&lt;br/&gt;
testRoundTripWriteRead(org.wildfly.swarm.bootstrap.util.WildFlySwarmApplicationC                                                                                                                                                 onfTest)  Time elapsed: 0.037 sec  &amp;lt;&amp;lt;&amp;lt; FAILURE!&lt;br/&gt;
&apos;]&amp;gt; does not contain element(s):&amp;lt;&lt;span class=&quot;error&quot;&gt;&amp;#91;&amp;#39;gav:org.wildfly.swarm:fish:1.0&amp;#39;&amp;#93;&lt;/span&gt;&amp;gt;&lt;br/&gt;
        at org.fest.assertions.Fail.failure(Fail.java:228)&lt;br/&gt;
        at org.fest.assertions.Assert.failure(Assert.java:149)&lt;br/&gt;
        at org.fest.assertions.ItemGroupAssert.failureIfExpectedElementsNotFound                                                                                                                                                 (ItemGroupAssert.java:102)&lt;br/&gt;
        at org.fest.assertions.ItemGroupAssert.assertContains(ItemGroupAssert.ja                                                                                                                                                 va:57)&lt;br/&gt;
        at org.fest.assertions.ObjectGroupAssert.contains(ObjectGroupAssert.java                                                                                                                                                 :51)&lt;br/&gt;
        at org.wildfly.swarm.bootstrap.util.WildFlySwarmApplicationConfTest.test                                                                                                                                                 RoundTripWriteRead(WildFlySwarmApplicationConfTest.java:47)&lt;/p&gt;

&lt;p&gt;Running org.wildfly.swarm.bootstrap.util.WildFlySwarmBootstrapConfTest&lt;br/&gt;
Tests run: 2, Failures: 2, Errors: 0, Skipped: 0, Time elapsed: 0.048 sec &amp;lt;&amp;lt;&amp;lt; FA                                                                                                                                                 ILURE! - in org.wildfly.swarm.bootstrap.util.WildFlySwarmBootstrapConfTest&lt;br/&gt;
testRoundTripWriteRead(org.wildfly.swarm.bootstrap.util.WildFlySwarmBootstrapCon                                                                                                                                                 fTest)  Time elapsed: 0.044 sec  &amp;lt;&amp;lt;&amp;lt; FAILURE!&lt;br/&gt;
&apos;]&amp;gt; does not contain element(s):&amp;lt;&lt;span class=&quot;error&quot;&gt;&amp;#91;&amp;#39;org.wildfly.swarm:dog:1.0&amp;#39;&amp;#93;&lt;/span&gt;&amp;gt;&lt;br/&gt;
        at org.fest.assertions.Fail.failure(Fail.java:228)&lt;br/&gt;
        at org.fest.assertions.Assert.failure(Assert.java:149)&lt;br/&gt;
        at org.fest.assertions.ItemGroupAssert.failureIfExpectedElementsNotFound                                                                                                                                                 (ItemGroupAssert.java:102)&lt;br/&gt;
        at org.fest.assertions.ItemGroupAssert.assertContains(ItemGroupAssert.ja                                                                                                                                                 va:57)&lt;br/&gt;
        at org.fest.assertions.ObjectGroupAssert.contains(ObjectGroupAssert.java                                                                                                                                                 :51)&lt;br/&gt;
        at org.wildfly.swarm.bootstrap.util.WildFlySwarmBootstrapConfTest.testRo                                                                                                                                                 undTripWriteRead(WildFlySwarmBootstrapConfTest.java:49)&lt;/p&gt;

&lt;p&gt;testRoundTripReadWrite(org.wildfly.swarm.bootstrap.util.WildFlySwarmBootstrapCon                                                                                                                                                 fTest)  Time elapsed: 0.001 sec  &amp;lt;&amp;lt;&amp;lt; FAILURE!&lt;br/&gt;
&apos;]&amp;gt; does not contain element(s):&amp;lt;&lt;span class=&quot;error&quot;&gt;&amp;#91;&amp;#39;org.wildfly.swarm:dog:1.0&amp;#39;&amp;#93;&lt;/span&gt;&amp;gt;&lt;br/&gt;
        at org.fest.assertions.Fail.failure(Fail.java:228)&lt;br/&gt;
        at org.fest.assertions.Assert.failure(Assert.java:149)&lt;br/&gt;
        at org.fest.assertions.ItemGroupAssert.failureIfExpectedElementsNotFound                                                                                                                                                 (ItemGroupAssert.java:102)&lt;br/&gt;
        at org.fest.assertions.ItemGroupAssert.assertContains(ItemGroupAssert.ja                                                                                                                                                 va:57)&lt;br/&gt;
        at org.fest.assertions.ObjectGroupAssert.contains(ObjectGroupAssert.java                                                                                                                                                 :51)&lt;br/&gt;
        at org.wildfly.swarm.bootstrap.util.WildFlySwarmBootstrapConfTest.testRo                                                                                                                                                 undTripReadWrite(WildFlySwarmBootstrapConfTest.java:92)&lt;/p&gt;

&lt;p&gt;Running org.wildfly.swarm.bootstrap.util.WildFlySwarmDependenciesConfTest&lt;br/&gt;
Tests run: 1, Failures: 1, Errors: 0, Skipped: 0, Time elapsed: 0.014 sec &amp;lt;&amp;lt;&amp;lt; FA                                                                                                                                                 ILURE! - in org.wildfly.swarm.bootstrap.util.WildFlySwarmDependenciesConfTest&lt;br/&gt;
testRoundTrip(org.wildfly.swarm.bootstrap.util.WildFlySwarmDependenciesConfTest)                                                                                                                                                   Time elapsed: 0.011 sec  &amp;lt;&amp;lt;&amp;lt; FAILURE!&lt;br/&gt;
java.lang.AssertionError: &amp;lt;&lt;span class=&quot;error&quot;&gt;&amp;#91;&amp;#39;primary:org.jboss.spec.javax.enterprise.concurrent:                                                                                                                                                 &amp;#39;&amp;#93;&lt;/span&gt;&amp;gt; does not contain element(s):&amp;lt;&lt;span class=&quot;error&quot;&gt;&amp;#91;&amp;#39;primary:org.jboss.spec.javax.enterprise.concu                                                                                                                                                 rrent:jboss-concurrency-api_1.0_spec:1.0.0.Final&amp;#39;&amp;#93;&lt;/span&gt;&amp;gt;&lt;br/&gt;
        at org.fest.assertions.Fail.failure(Fail.java:228)&lt;br/&gt;
        at org.fest.assertions.Assert.failure(Assert.java:149)&lt;br/&gt;
        at org.fest.assertions.ItemGroupAssert.failureIfExpectedElementsNotFound                                                                                                                                                 (ItemGroupAssert.java:102)&lt;br/&gt;
        at org.fest.assertions.ItemGroupAssert.assertContains(ItemGroupAssert.ja                                                                                                                                                 va:57)&lt;br/&gt;
        at org.fest.assertions.ObjectGroupAssert.contains(ObjectGroupAssert.java                                                                                                                                                 :51)&lt;br/&gt;
        at org.wildfly.swarm.bootstrap.util.WildFlySwarmDependenciesConfTest.tes                                                                                                                                                 tRoundTrip(WildFlySwarmDependenciesConfTest.java:51)&lt;/p&gt;


&lt;p&gt;Results :&lt;/p&gt;

&lt;p&gt;Failed tests:&lt;br/&gt;
  WildFlySwarmApplicationConfTest.testRoundTripWriteRead:47 &amp;lt;&lt;span class=&quot;error&quot;&gt;&amp;#91;&amp;#39;gav:org.wildfly.s                                                                                                                                                 &amp;#39;&amp;#93;&lt;/span&gt;&amp;gt; does not contain element(s):&amp;lt;&lt;span class=&quot;error&quot;&gt;&amp;#91;&amp;#39;gav:org.wildfly.swarm:fish:1.0&amp;#39;&amp;#93;&lt;/span&gt;&amp;gt;&lt;br/&gt;
  WildFlySwarmBootstrapConfTest.testRoundTripReadWrite:92 &amp;lt;&lt;span class=&quot;error&quot;&gt;&amp;#91;&amp;#39;org.wildfly.swarm:d                                                                                                                                                 &amp;#39;&amp;#93;&lt;/span&gt;&amp;gt; does not contain element(s):&amp;lt;&lt;span class=&quot;error&quot;&gt;&amp;#91;&amp;#39;org.wildfly.swarm:dog:1.0&amp;#39;&amp;#93;&lt;/span&gt;&amp;gt;&lt;br/&gt;
  WildFlySwarmBootstrapConfTest.testRoundTripWriteRead:49 &amp;lt;&lt;span class=&quot;error&quot;&gt;&amp;#91;&amp;#39;org.wildfly.swarm:d                                                                                                                                                 &amp;#39;&amp;#93;&lt;/span&gt;&amp;gt; does not contain element(s):&amp;lt;&lt;span class=&quot;error&quot;&gt;&amp;#91;&amp;#39;org.wildfly.swarm:dog:1.0&amp;#39;&amp;#93;&lt;/span&gt;&amp;gt;&lt;br/&gt;
  WildFlySwarmDependenciesConfTest.testRoundTrip:51 &amp;lt;&lt;span class=&quot;error&quot;&gt;&amp;#91;&amp;#39;primary:org.jboss.spec.ja                                                                                                                                                 &amp;#39;&amp;#93;&lt;/span&gt;&amp;gt; does not contain element(s):&amp;lt;&lt;span class=&quot;error&quot;&gt;&amp;#91;&amp;#39;primary:org.jboss.spec.javax.enterprise.concu                                                                                                                                                 rrent:jboss-concurrency-api_1.0_spec:1.0.0.Final&amp;#39;&amp;#93;&lt;/span&gt;&amp;gt;&lt;/p&gt;

&lt;p&gt;Tests run: 17, Failures: 4, Errors: 0, Skipped: 0&lt;/p&gt;

&lt;p&gt;&lt;span class=&quot;error&quot;&gt;&amp;#91;INFO&amp;#93;&lt;/span&gt; ------------------------------------------------------------------------&lt;br/&gt;
&lt;span class=&quot;error&quot;&gt;&amp;#91;INFO&amp;#93;&lt;/span&gt; Reactor Summary:&lt;br/&gt;
&lt;span class=&quot;error&quot;&gt;&amp;#91;INFO&amp;#93;&lt;/span&gt;&lt;br/&gt;
&lt;span class=&quot;error&quot;&gt;&amp;#91;INFO&amp;#93;&lt;/span&gt; WildFly Swarm: Build BOM ........................... SUCCESS [  5.137 s]&lt;br/&gt;
&lt;span class=&quot;error&quot;&gt;&amp;#91;INFO&amp;#93;&lt;/span&gt; WildFly Swarm: BOM for Fractions ................... SUCCESS [  0.017 s]&lt;br/&gt;
&lt;span class=&quot;error&quot;&gt;&amp;#91;INFO&amp;#93;&lt;/span&gt; WildFly Swarm: Parent .............................. SUCCESS &lt;span class=&quot;error&quot;&gt;&amp;#91;01:14 min&amp;#93;&lt;/span&gt;&lt;br/&gt;
&lt;span class=&quot;error&quot;&gt;&amp;#91;INFO&amp;#93;&lt;/span&gt; WildFly Swarm: Bootstrap ........................... FAILURE [ 39.389 s]&lt;br/&gt;
&lt;span class=&quot;error&quot;&gt;&amp;#91;INFO&amp;#93;&lt;/span&gt; WildFly Swarm: Container ........................... SKIPPED&lt;/p&gt;

&lt;p&gt;....&lt;/p&gt;
</description>
                <environment>&lt;p&gt;Windows 8.1&lt;/p&gt;</environment>
        <key id="12600148">SWARM-256</key>
            <summary>Build fails on windows </summary>
                <type id="1" iconUrl="https://issues.jboss.org/secure/viewavatar?size=xsmall&amp;avatarId=13263&amp;avatarType=issuetype">Bug</type>
                                            <priority id="3" iconUrl="https://issues.jboss.org/images/icons/priorities/major.svg">Major</priority>
                        <status id="6" iconUrl="https://issues.jboss.org/images/icons/statuses/closed.png" description="The issue is considered finished, the resolution is correct. Issues which are not closed can be reopened.">Closed</status>
                    <statusCategory id="3" key="done" colorName="green"/>
                                    <resolution id="1">Done</resolution>
                                        <assignee username="eprogramming">Helio Frota</assignee>
                                    <reporter username="eprogramming">Helio Frota</reporter>
                        <labels>
                    </labels>
                <created>Tue, 19 Jan 2016 15:28:33 -0500</created>
                <updated>Mon, 1 Feb 2016 12:01:00 -0500</updated>
                            <resolved>Thu, 21 Jan 2016 22:56:47 -0500</resolved>
                                    <version>1.0.0.Alpha6</version>
                                    <fixVersion>1.0.0.Alpha8</fixVersion>
                                    <component>core</component>
                        <due></due>
                            <votes>0</votes>
                                    <watches>2</watches>
                                                                <comments>
                            <comment id="13150930" author="eprogramming" created="Tue, 19 Jan 2016 16:42:35 -0500"  >&lt;p&gt;Hi,&lt;br/&gt;
The build still failing.&lt;/p&gt;

&lt;p&gt;The next issue is :&lt;/p&gt;

&lt;p&gt;-------------------------------------------------------&lt;br/&gt;
 T E S T S&lt;br/&gt;
-------------------------------------------------------&lt;br/&gt;
Running org.wildfly.swarm.arquillian.ArquillianTest&lt;br/&gt;
Tests run: 1, Failures: 0, Errors: 1, Skipped: 0, Time elapsed: 2.392 sec &amp;lt;&amp;lt;&amp;lt; FAILURE! - in org.wildfly.swarm.arquillian.ArquillianTest&lt;br/&gt;
org.wildfly.swarm.arquillian.ArquillianTest  Time elapsed: 2.392 sec  &amp;lt;&amp;lt;&amp;lt; ERROR!&lt;br/&gt;
org.jboss.arquillian.container.spi.client.container.DeploymentException: C:\dev\jboss\wildfly-swarm\arquillian\test\C was not found in any available ClassLoaders&lt;br/&gt;
        at org.wildfly.swarm.arquillian.adapter.WildFlySwarmContainer.deploy(WildFlySwarmContainer.java:85)&lt;br/&gt;
&lt;b&gt;...&lt;/b&gt;&lt;/p&gt;

&lt;p&gt;After an investigation noticed that this point is breaking:&lt;/p&gt;

&lt;p&gt;&lt;a href=&quot;https://github.com/wildfly-swarm/wildfly-swarm/blob/88add1372d951c4386cbe4d2b02e7272157f9403/arquillian/api/src/main/java/org/wildfly/swarm/arquillian/adapter/WildFlySwarmContainer.java#L75&quot; class=&quot;external-link&quot; rel=&quot;nofollow&quot;&gt;https://github.com/wildfly-swarm/wildfly-swarm/blob/88add1372d951c4386cbe4d2b02e7272157f9403/arquillian/api/src/main/java/org/wildfly/swarm/arquillian/adapter/WildFlySwarmContainer.java#L75&lt;/a&gt;&lt;/p&gt;

&lt;p&gt;Maybe is something on start method implementation of the class UberjarSimpleContainer&lt;br/&gt;
&lt;a href=&quot;https://github.com/wildfly-swarm/wildfly-swarm/blob/7c7e72ecacbbc8c09f7936c18a0b0225b1bae9ea/arquillian/api/src/main/java/org/wildfly/swarm/arquillian/adapter/UberjarSimpleContainer.java#L66&quot; class=&quot;external-link&quot; rel=&quot;nofollow&quot;&gt;https://github.com/wildfly-swarm/wildfly-swarm/blob/7c7e72ecacbbc8c09f7936c18a0b0225b1bae9ea/arquillian/api/src/main/java/org/wildfly/swarm/arquillian/adapter/UberjarSimpleContainer.java#L66&lt;/a&gt;&lt;/p&gt;</comment>
                            <comment id="13152205" author="kenfinni" created="Thu, 21 Jan 2016 22:56:47 -0500"  >&lt;p&gt;I had failures when running &apos;hawkular&apos;, but that was because I was still on Maven 3.2.3 for some reason.&lt;/p&gt;

&lt;p&gt;After upgrading to Maven 3.3.9 it got passed that and failed on &apos;integration-tests&apos; but it appeared to be a timeout issue. On running it again it worked fine.&lt;/p&gt;

&lt;p&gt;I&apos;m closing for now, but &lt;a href=&quot;https://issues.jboss.org/secure/ViewProfile.jspa?name=eprogramming&quot; class=&quot;user-hover&quot; rel=&quot;eprogramming&quot;&gt;Helio Frota&lt;/a&gt; feel free to reopen if you can&apos;t get the build working for you&lt;/p&gt;</comment>
                    </comments>
                    <attachments>
                    </attachments>
                <subtasks>
                    </subtasks>
                <customfields>
                                                                                                                                                                                                                                                                                                                                                                                                                                                                                                                <customfield id="customfield_12310220" key="org.jboss.labs.jira.plugin.jboss-custom-field-types-plugin:multiurl">
                        <customfieldname>Git Pull Request</customfieldname>
                        <customfieldvalues>
                            https://github.com/wildfly-swarm/wildfly-swarm/commit/ed0a943c6
                        </customfieldvalues>
                    </customfield>
                                                                                                                                                    <customfield id="customfield_12310641" key="com.atlassian.jira.toolkit:attachments">
                        <customfieldname>Number of attachments</customfieldname>
                        <customfieldvalues>
                            <customfieldvalue>0.0</customfieldvalue>
                        </customfieldvalues>
                    </customfield>
                                                                <customfield id="customfield_12310640" key="com.atlassian.jira.toolkit:comments">
                        <customfieldname>Number of comments</customfieldname>
                        <customfieldvalues>
                            <customfieldvalue>2.0</customfieldvalue>
                        </customfieldvalues>
                    </customfield>
                                                                                            <customfield id="customfield_12311940" key="com.pyxis.greenhopper.jira:gh-lexo-rank">
                        <customfieldname>Rank</customfieldname>
                        <customfieldvalues>
                            <customfieldvalue>1|i00vaf:</customfieldvalue>

                        </customfieldvalues>
                    </customfield>
                                                                <customfield id="customfield_12310840" key="com.pyxis.greenhopper.jira:gh-global-rank">
                        <customfieldname>Rank (Obsolete)</customfieldname>
                        <customfieldvalues>
                            <customfieldvalue>9223372036854775807</customfieldvalue>
                        </customfieldvalues>
                    </customfield>
                                                                                                                                                                                                            <customfield id="customfield_12310183" key="com.atlassian.jira.plugin.system.customfieldtypes:textarea">
                        <customfieldname>Steps to Reproduce</customfieldname>
                        <customfieldvalues>
                            <customfieldvalue>&lt;p&gt;mvn clean install&lt;/p&gt;</customfieldvalue>

                        </customfieldvalues>
                    </customfield>
                                                                                                                                                                                                            </customfields>
    </item>
</channel>
</rss>